{"/Users/mnells/Documents/__SourceCode/nelles.io/employees.nelles.io/client/src/App.tsx": {"path":"/Users/mnells/Documents/__SourceCode/nelles.io/employees.nelles.io/client/src/App.tsx","statementMap":{"0":{"start":{"line":24,"column":24},"end":{"line":24,"column":64}},"1":{"start":{"line":24,"column":50},"end":{"line":24,"column":63}},"2":{"start":{"line":26,"column":3},"end":{"line":28,"column":26}},"3":{"start":{"line":30,"column":3},"end":{"line":56,"column":5}}},"fnMap":{"0":{"name":"App","decl":{"start":{"line":23,"column":9},"end":{"line":23,"column":12}},"loc":{"start":{"line":23,"column":15},"end":{"line":57,"column":1}},"line":23},"1":{"name":"(anonymous_1)","decl":{"start":{"line":24,"column":39},"end":{"line":24,"column":40}},"loc":{"start":{"line":24,"column":50},"end":{"line":24,"column":63}},"line":24},"2":{"name":"(anonymous_2)","decl":{"start":{"line":26,"column":13},"end":{"line":26,"column":14}},"loc":{"start":{"line":26,"column":19},"end":{"line":28,"column":4}},"line":26}},"branchMap":{"0":{"loc":{"start":{"line":33,"column":34},"end":{"line":33,"column":76}},"type":"cond-expr","locations":[{"start":{"line":33,"column":54},"end":{"line":33,"column":64}},{"start":{"line":33,"column":67},"end":{"line":33,"column":76}}],"line":33}},"s":{"0":5,"1":0,"2":0,"3":0},"f":{"0":5,"1":0,"2":0},"b":{"0":[0,0]},"_coverageSchema":"1a1c01bbd47fc00a2c39e90264f33305004495a9","hash":"2f0f564a5081e604e735a684b4711b6ecac47e37"}
,"/Users/mnells/Documents/__SourceCode/nelles.io/employees.nelles.io/client/src/index.tsx": {"path":"/Users/mnells/Documents/__SourceCode/nelles.io/employees.nelles.io/client/src/index.tsx","statementMap":{"0":{"start":{"line":10,"column":18},"end":{"line":10,"column":50}},"1":{"start":{"line":11,"column":13},"end":{"line":11,"column":34}},"2":{"start":{"line":13,"column":0},"end":{"line":22,"column":2}},"3":{"start":{"line":27,"column":0},"end":{"line":27,"column":18}}},"fnMap":{},"branchMap":{},"s":{"0":0,"1":0,"2":0,"3":0},"f":{},"b":{}}
,"/Users/mnells/Documents/__SourceCode/nelles.io/employees.nelles.io/client/src/react-app-env.d.ts": {"path":"/Users/mnells/Documents/__SourceCode/nelles.io/employees.nelles.io/client/src/react-app-env.d.ts","statementMap":{},"fnMap":{},"branchMap":{},"s":{},"f":{},"b":{}}
,"/Users/mnells/Documents/__SourceCode/nelles.io/employees.nelles.io/client/src/reportWebVitals.ts": {"path":"/Users/mnells/Documents/__SourceCode/nelles.io/employees.nelles.io/client/src/reportWebVitals.ts","statementMap":{"0":{"start":{"line":3,"column":24},"end":{"line":13,"column":1}},"1":{"start":{"line":4,"column":2},"end":{"line":12,"column":3}},"2":{"start":{"line":5,"column":4},"end":{"line":11,"column":7}},"3":{"start":{"line":6,"column":6},"end":{"line":6,"column":26}},"4":{"start":{"line":7,"column":6},"end":{"line":7,"column":26}},"5":{"start":{"line":8,"column":6},"end":{"line":8,"column":26}},"6":{"start":{"line":9,"column":6},"end":{"line":9,"column":26}},"7":{"start":{"line":10,"column":6},"end":{"line":10,"column":27}}},"fnMap":{"0":{"name":"(anonymous_0)","decl":{"start":{"line":3,"column":24},"end":{"line":3,"column":25}},"loc":{"start":{"line":3,"column":57},"end":{"line":13,"column":1}},"line":3},"1":{"name":"(anonymous_1)","decl":{"start":{"line":5,"column":30},"end":{"line":5,"column":31}},"loc":{"start":{"line":5,"column":79},"end":{"line":11,"column":5}},"line":5}},"branchMap":{"0":{"loc":{"start":{"line":4,"column":2},"end":{"line":12,"column":3}},"type":"if","locations":[{"start":{"line":4,"column":2},"end":{"line":12,"column":3}},{"start":{},"end":{}}],"line":4},"1":{"loc":{"start":{"line":4,"column":6},"end":{"line":4,"column":52}},"type":"binary-expr","locations":[{"start":{"line":4,"column":6},"end":{"line":4,"column":17}},{"start":{"line":4,"column":21},"end":{"line":4,"column":52}}],"line":4}},"s":{"0":0,"1":0,"2":0,"3":0,"4":0,"5":0,"6":0,"7":0},"f":{"0":0,"1":0},"b":{"0":[0,0],"1":[0,0]}}
,"/Users/mnells/Documents/__SourceCode/nelles.io/employees.nelles.io/client/src/app/hooks.ts": {"path":"/Users/mnells/Documents/__SourceCode/nelles.io/employees.nelles.io/client/src/app/hooks.ts","statementMap":{"0":{"start":{"line":5,"column":30},"end":{"line":5,"column":62}},"1":{"start":{"line":5,"column":36},"end":{"line":5,"column":62}},"2":{"start":{"line":6,"column":63},"end":{"line":6,"column":74}}},"fnMap":{"0":{"name":"(anonymous_0)","decl":{"start":{"line":5,"column":30},"end":{"line":5,"column":31}},"loc":{"start":{"line":5,"column":36},"end":{"line":5,"column":62}},"line":5}},"branchMap":{},"s":{"0":1,"1":0,"2":1},"f":{"0":0},"b":{},"_coverageSchema":"1a1c01bbd47fc00a2c39e90264f33305004495a9","hash":"0710089d8076c4d623e66f049c0d9eb7de951e50"}
,"/Users/mnells/Documents/__SourceCode/nelles.io/employees.nelles.io/client/src/app/store.ts": {"path":"/Users/mnells/Documents/__SourceCode/nelles.io/employees.nelles.io/client/src/app/store.ts","statementMap":{"0":{"start":{"line":15,"column":21},"end":{"line":30,"column":2}}},"fnMap":{},"branchMap":{},"s":{"0":0},"f":{},"b":{}}
,"/Users/mnells/Documents/__SourceCode/nelles.io/employees.nelles.io/client/src/components/LoadBox.tsx": {"path":"/Users/mnells/Documents/__SourceCode/nelles.io/employees.nelles.io/client/src/components/LoadBox.tsx","statementMap":{"0":{"start":{"line":13,"column":42},"end":{"line":13,"column":47}},"1":{"start":{"line":15,"column":3},"end":{"line":46,"column":5}}},"fnMap":{"0":{"name":"LoadBox","decl":{"start":{"line":12,"column":24},"end":{"line":12,"column":31}},"loc":{"start":{"line":12,"column":66},"end":{"line":47,"column":1}},"line":12}},"branchMap":{"0":{"loc":{"start":{"line":18,"column":13},"end":{"line":43,"column":13}},"type":"cond-expr","locations":[{"start":{"line":19,"column":15},"end":{"line":22,"column":21}},{"start":{"line":24,"column":15},"end":{"line":42,"column":18}}],"line":18},"1":{"loc":{"start":{"line":26,"column":19},"end":{"line":26,"column":56}},"type":"cond-expr","locations":[{"start":{"line":26,"column":38},"end":{"line":26,"column":52}},{"start":{"line":26,"column":55},"end":{"line":26,"column":56}}],"line":26},"2":{"loc":{"start":{"line":26,"column":19},"end":{"line":26,"column":35}},"type":"binary-expr","locations":[{"start":{"line":26,"column":19},"end":{"line":26,"column":24}},{"start":{"line":26,"column":28},"end":{"line":26,"column":35}}],"line":26}},"s":{"0":0,"1":0},"f":{"0":0},"b":{"0":[0,0],"1":[0,0],"2":[0,0]},"_coverageSchema":"1a1c01bbd47fc00a2c39e90264f33305004495a9","hash":"77bff006510e569d06cdbf4e2bd9c77452047ead"}
,"/Users/mnells/Documents/__SourceCode/nelles.io/employees.nelles.io/client/src/components/Anim/anim.d.ts": {"path":"/Users/mnells/Documents/__SourceCode/nelles.io/employees.nelles.io/client/src/components/Anim/anim.d.ts","statementMap":{},"fnMap":{},"branchMap":{},"s":{},"f":{},"b":{}}
,"/Users/mnells/Documents/__SourceCode/nelles.io/employees.nelles.io/client/src/components/Dialog/index.tsx": {"path":"/Users/mnells/Documents/__SourceCode/nelles.io/employees.nelles.io/client/src/components/Dialog/index.tsx","statementMap":{"0":{"start":{"line":13,"column":19},"end":{"line":20,"column":2}},"1":{"start":{"line":19,"column":3},"end":{"line":19,"column":56}},"2":{"start":{"line":23,"column":15},"end":{"line":23,"column":31}},"3":{"start":{"line":24,"column":31},"end":{"line":24,"column":70}},"4":{"start":{"line":24,"column":57},"end":{"line":24,"column":69}},"5":{"start":{"line":25,"column":37},"end":{"line":25,"column":43}},"6":{"start":{"line":26,"column":3},"end":{"line":26,"column":23}},"7":{"start":{"line":27,"column":23},"end":{"line":29,"column":4}},"8":{"start":{"line":28,"column":6},"end":{"line":28,"column":25}},"9":{"start":{"line":31,"column":22},"end":{"line":45,"column":4}},"10":{"start":{"line":32,"column":6},"end":{"line":44,"column":7}},"11":{"start":{"line":34,"column":12},"end":{"line":34,"column":50}},"12":{"start":{"line":36,"column":12},"end":{"line":36,"column":47}},"13":{"start":{"line":38,"column":12},"end":{"line":38,"column":47}},"14":{"start":{"line":40,"column":12},"end":{"line":40,"column":47}},"15":{"start":{"line":43,"column":12},"end":{"line":43,"column":50}},"16":{"start":{"line":47,"column":3},"end":{"line":59,"column":5}}},"fnMap":{"0":{"name":"Transition","decl":{"start":{"line":13,"column":45},"end":{"line":13,"column":55}},"loc":{"start":{"line":18,"column":2},"end":{"line":20,"column":1}},"line":18},"1":{"name":"(anonymous_1)","decl":{"start":{"line":22,"column":26},"end":{"line":22,"column":27}},"loc":{"start":{"line":22,"column":45},"end":{"line":60,"column":1}},"line":22},"2":{"name":"(anonymous_2)","decl":{"start":{"line":24,"column":46},"end":{"line":24,"column":47}},"loc":{"start":{"line":24,"column":57},"end":{"line":24,"column":69}},"line":24},"3":{"name":"(anonymous_3)","decl":{"start":{"line":27,"column":23},"end":{"line":27,"column":24}},"loc":{"start":{"line":27,"column":29},"end":{"line":29,"column":4}},"line":27},"4":{"name":"(anonymous_4)","decl":{"start":{"line":31,"column":22},"end":{"line":31,"column":23}},"loc":{"start":{"line":31,"column":61},"end":{"line":45,"column":4}},"line":31}},"branchMap":{"0":{"loc":{"start":{"line":32,"column":6},"end":{"line":44,"column":7}},"type":"switch","locations":[{"start":{"line":33,"column":9},"end":{"line":34,"column":50}},{"start":{"line":35,"column":9},"end":{"line":36,"column":47}},{"start":{"line":37,"column":9},"end":{"line":38,"column":47}},{"start":{"line":39,"column":9},"end":{"line":40,"column":47}},{"start":{"line":42,"column":9},"end":{"line":43,"column":50}}],"line":32}},"s":{"0":1,"1":0,"2":0,"3":0,"4":0,"5":0,"6":0,"7":0,"8":0,"9":0,"10":0,"11":0,"12":0,"13":0,"14":0,"15":0,"16":0},"f":{"0":0,"1":0,"2":0,"3":0,"4":0},"b":{"0":[0,0,0,0,0]},"_coverageSchema":"1a1c01bbd47fc00a2c39e90264f33305004495a9","hash":"bd44e2dd71dfb17e0576230989bb75343616afda"}
,"/Users/mnells/Documents/__SourceCode/nelles.io/employees.nelles.io/client/src/components/Global/Icons.tsx": {"path":"/Users/mnells/Documents/__SourceCode/nelles.io/employees.nelles.io/client/src/components/Global/Icons.tsx","statementMap":{"0":{"start":{"line":3,"column":23},"end":{"line":9,"column":1}},"1":{"start":{"line":4,"column":3},"end":{"line":8,"column":5}},"2":{"start":{"line":11,"column":23},"end":{"line":17,"column":1}},"3":{"start":{"line":12,"column":3},"end":{"line":16,"column":5}}},"fnMap":{"0":{"name":"(anonymous_0)","decl":{"start":{"line":3,"column":23},"end":{"line":3,"column":24}},"loc":{"start":{"line":3,"column":29},"end":{"line":9,"column":1}},"line":3},"1":{"name":"(anonymous_1)","decl":{"start":{"line":11,"column":23},"end":{"line":11,"column":24}},"loc":{"start":{"line":11,"column":29},"end":{"line":17,"column":1}},"line":11}},"branchMap":{},"s":{"0":1,"1":0,"2":1,"3":0},"f":{"0":0,"1":0},"b":{},"_coverageSchema":"1a1c01bbd47fc00a2c39e90264f33305004495a9","hash":"cb50fc2e2cc4ebf104faa8bb106110dbcafdd8f6"}
,"/Users/mnells/Documents/__SourceCode/nelles.io/employees.nelles.io/client/src/components/Loading/index.tsx": {"path":"/Users/mnells/Documents/__SourceCode/nelles.io/employees.nelles.io/client/src/components/Loading/index.tsx","statementMap":{"0":{"start":{"line":11,"column":25},"end":{"line":11,"column":30}},"1":{"start":{"line":12,"column":3},"end":{"line":24,"column":5}}},"fnMap":{"0":{"name":"Loading","decl":{"start":{"line":10,"column":24},"end":{"line":10,"column":31}},"loc":{"start":{"line":10,"column":66},"end":{"line":25,"column":1}},"line":10}},"branchMap":{"0":{"loc":{"start":{"line":11,"column":11},"end":{"line":11,"column":20}},"type":"default-arg","locations":[{"start":{"line":11,"column":18},"end":{"line":11,"column":20}}],"line":11}},"s":{"0":0,"1":0},"f":{"0":0},"b":{"0":[0]},"_coverageSchema":"1a1c01bbd47fc00a2c39e90264f33305004495a9","hash":"12e84e457281ae3d696e090bb224e9c92437f861"}
,"/Users/mnells/Documents/__SourceCode/nelles.io/employees.nelles.io/client/src/components/Snackbar/SnackCube.tsx": {"path":"/Users/mnells/Documents/__SourceCode/nelles.io/employees.nelles.io/client/src/components/Snackbar/SnackCube.tsx","statementMap":{"0":{"start":{"line":9,"column":15},"end":{"line":9,"column":17}},"1":{"start":{"line":10,"column":14},"end":{"line":10,"column":17}},"2":{"start":{"line":12,"column":46},"end":{"line":20,"column":1}},"3":{"start":{"line":22,"column":18},"end":{"line":146,"column":1}},"4":{"start":{"line":23,"column":35},"end":{"line":23,"column":76}},"5":{"start":{"line":23,"column":61},"end":{"line":23,"column":75}},"6":{"start":{"line":24,"column":24},"end":{"line":24,"column":64}},"7":{"start":{"line":24,"column":50},"end":{"line":24,"column":63}},"8":{"start":{"line":25,"column":25},"end":{"line":25,"column":38}},"9":{"start":{"line":27,"column":33},"end":{"line":27,"column":52}},"10":{"start":{"line":28,"column":18},"end":{"line":28,"column":26}},"11":{"start":{"line":30,"column":3},"end":{"line":33,"column":60}},"12":{"start":{"line":30,"column":33},"end":{"line":30,"column":55}},"13":{"start":{"line":31,"column":8},"end":{"line":33,"column":60}},"14":{"start":{"line":31,"column":38},"end":{"line":31,"column":58}},"15":{"start":{"line":32,"column":8},"end":{"line":33,"column":60}},"16":{"start":{"line":32,"column":38},"end":{"line":32,"column":59}},"17":{"start":{"line":33,"column":8},"end":{"line":33,"column":60}},"18":{"start":{"line":33,"column":38},"end":{"line":33,"column":60}},"19":{"start":{"line":35,"column":17},"end":{"line":82,"column":4}},"20":{"start":{"line":84,"column":25},"end":{"line":95,"column":4}},"21":{"start":{"line":96,"column":25},"end":{"line":107,"column":4}},"22":{"start":{"line":109,"column":3},"end":{"line":114,"column":18}},"23":{"start":{"line":110,"column":6},"end":{"line":110,"column":23}},"24":{"start":{"line":111,"column":6},"end":{"line":113,"column":23}},"25":{"start":{"line":112,"column":9},"end":{"line":112,"column":27}},"26":{"start":{"line":116,"column":20},"end":{"line":128,"column":4}},"27":{"start":{"line":130,"column":3},"end":{"line":145,"column":5}}},"fnMap":{"0":{"name":"(anonymous_0)","decl":{"start":{"line":22,"column":18},"end":{"line":22,"column":19}},"loc":{"start":{"line":22,"column":24},"end":{"line":146,"column":1}},"line":22},"1":{"name":"(anonymous_1)","decl":{"start":{"line":23,"column":50},"end":{"line":23,"column":51}},"loc":{"start":{"line":23,"column":61},"end":{"line":23,"column":75}},"line":23},"2":{"name":"(anonymous_2)","decl":{"start":{"line":24,"column":39},"end":{"line":24,"column":40}},"loc":{"start":{"line":24,"column":50},"end":{"line":24,"column":63}},"line":24},"3":{"name":"(anonymous_3)","decl":{"start":{"line":109,"column":13},"end":{"line":109,"column":14}},"loc":{"start":{"line":109,"column":19},"end":{"line":114,"column":4}},"line":109},"4":{"name":"(anonymous_4)","decl":{"start":{"line":111,"column":17},"end":{"line":111,"column":18}},"loc":{"start":{"line":111,"column":23},"end":{"line":113,"column":7}},"line":111}},"branchMap":{"0":{"loc":{"start":{"line":30,"column":3},"end":{"line":33,"column":60}},"type":"if","locations":[{"start":{"line":30,"column":3},"end":{"line":33,"column":60}},{"start":{"line":31,"column":8},"end":{"line":33,"column":60}}],"line":30},"1":{"loc":{"start":{"line":31,"column":8},"end":{"line":33,"column":60}},"type":"if","locations":[{"start":{"line":31,"column":8},"end":{"line":33,"column":60}},{"start":{"line":32,"column":8},"end":{"line":33,"column":60}}],"line":31},"2":{"loc":{"start":{"line":32,"column":8},"end":{"line":33,"column":60}},"type":"if","locations":[{"start":{"line":32,"column":8},"end":{"line":33,"column":60}},{"start":{"line":33,"column":8},"end":{"line":33,"column":60}}],"line":32},"3":{"loc":{"start":{"line":33,"column":8},"end":{"line":33,"column":60}},"type":"if","locations":[{"start":{"line":33,"column":8},"end":{"line":33,"column":60}},{"start":{},"end":{}}],"line":33},"4":{"loc":{"start":{"line":43,"column":16},"end":{"line":43,"column":49}},"type":"binary-expr","locations":[{"start":{"line":43,"column":16},"end":{"line":43,"column":38}},{"start":{"line":43,"column":42},"end":{"line":43,"column":49}}],"line":43},"5":{"loc":{"start":{"line":54,"column":16},"end":{"line":54,"column":50}},"type":"binary-expr","locations":[{"start":{"line":54,"column":16},"end":{"line":54,"column":38}},{"start":{"line":54,"column":42},"end":{"line":54,"column":50}}],"line":54},"6":{"loc":{"start":{"line":66,"column":19},"end":{"line":66,"column":51}},"type":"binary-expr","locations":[{"start":{"line":66,"column":19},"end":{"line":66,"column":41}},{"start":{"line":66,"column":45},"end":{"line":66,"column":51}}],"line":66},"7":{"loc":{"start":{"line":78,"column":16},"end":{"line":78,"column":47}},"type":"binary-expr","locations":[{"start":{"line":78,"column":16},"end":{"line":78,"column":38}},{"start":{"line":78,"column":42},"end":{"line":78,"column":47}}],"line":78},"8":{"loc":{"start":{"line":130,"column":10},"end":{"line":145,"column":4}},"type":"cond-expr","locations":[{"start":{"line":131,"column":6},"end":{"line":131,"column":11}},{"start":{"line":133,"column":6},"end":{"line":144,"column":12}}],"line":130}},"s":{"0":1,"1":1,"2":1,"3":1,"4":0,"5":0,"6":0,"7":0,"8":0,"9":0,"10":0,"11":0,"12":0,"13":0,"14":0,"15":0,"16":0,"17":0,"18":0,"19":0,"20":0,"21":0,"22":0,"23":0,"24":0,"25":0,"26":0,"27":0},"f":{"0":0,"1":0,"2":0,"3":0,"4":0},"b":{"0":[0,0],"1":[0,0],"2":[0,0],"3":[0,0],"4":[0,0],"5":[0,0],"6":[0,0],"7":[0,0],"8":[0,0]},"_coverageSchema":"1a1c01bbd47fc00a2c39e90264f33305004495a9","hash":"a377b14711ac5fbbb9543a8e77abd1ab644a8fc4"}
,"/Users/mnells/Documents/__SourceCode/nelles.io/employees.nelles.io/client/src/components/Snackbar/SnackbarMsg.tsx": {"path":"/Users/mnells/Documents/__SourceCode/nelles.io/employees.nelles.io/client/src/components/Snackbar/SnackbarMsg.tsx","statementMap":{"0":{"start":{"line":12,"column":27},"end":{"line":30,"column":1}},"1":{"start":{"line":13,"column":29},"end":{"line":13,"column":34}},"2":{"start":{"line":14,"column":15},"end":{"line":14,"column":31}},"3":{"start":{"line":16,"column":3},"end":{"line":19,"column":10}},"4":{"start":{"line":17,"column":6},"end":{"line":17,"column":37}},"5":{"start":{"line":18,"column":6},"end":{"line":18,"column":33}},"6":{"start":{"line":21,"column":3},"end":{"line":29,"column":5}}},"fnMap":{"0":{"name":"(anonymous_0)","decl":{"start":{"line":12,"column":27},"end":{"line":12,"column":28}},"loc":{"start":{"line":12,"column":53},"end":{"line":30,"column":1}},"line":12},"1":{"name":"(anonymous_1)","decl":{"start":{"line":16,"column":13},"end":{"line":16,"column":14}},"loc":{"start":{"line":16,"column":19},"end":{"line":19,"column":4}},"line":16}},"branchMap":{},"s":{"0":0,"1":0,"2":0,"3":0,"4":0,"5":0,"6":0},"f":{"0":0,"1":0},"b":{}}
,"/Users/mnells/Documents/__SourceCode/nelles.io/employees.nelles.io/client/src/components/Template/AppBarTop.tsx": {"path":"/Users/mnells/Documents/__SourceCode/nelles.io/employees.nelles.io/client/src/components/Template/AppBarTop.tsx","statementMap":{"0":{"start":{"line":19,"column":25},"end":{"line":76,"column":1}},"1":{"start":{"line":20,"column":52},"end":{"line":20,"column":57}},"2":{"start":{"line":22,"column":18},"end":{"line":38,"column":6}},"3":{"start":{"line":23,"column":35},"end":{"line":23,"column":50}},"4":{"start":{"line":24,"column":41},"end":{"line":38,"column":4}},"5":{"start":{"line":40,"column":3},"end":{"line":75,"column":5}}},"fnMap":{"0":{"name":"(anonymous_0)","decl":{"start":{"line":19,"column":25},"end":{"line":19,"column":26}},"loc":{"start":{"line":19,"column":65},"end":{"line":76,"column":1}},"line":19},"1":{"name":"(anonymous_1)","decl":{"start":{"line":23,"column":25},"end":{"line":23,"column":26}},"loc":{"start":{"line":23,"column":35},"end":{"line":23,"column":50}},"line":23},"2":{"name":"(anonymous_2)","decl":{"start":{"line":24,"column":19},"end":{"line":24,"column":20}},"loc":{"start":{"line":24,"column":41},"end":{"line":38,"column":4}},"line":24}},"branchMap":{"0":{"loc":{"start":{"line":30,"column":10},"end":{"line":37,"column":7}},"type":"binary-expr","locations":[{"start":{"line":30,"column":10},"end":{"line":30,"column":14}},{"start":{"line":30,"column":18},"end":{"line":37,"column":7}}],"line":30},"1":{"loc":{"start":{"line":48,"column":16},"end":{"line":60,"column":23}},"type":"cond-expr","locations":[{"start":{"line":49,"column":18},"end":{"line":59,"column":31}},{"start":{"line":60,"column":19},"end":{"line":60,"column":23}}],"line":48}},"s":{"0":1,"1":0,"2":0,"3":0,"4":0,"5":0},"f":{"0":0,"1":0,"2":0},"b":{"0":[0,0],"1":[0,0]},"_coverageSchema":"1a1c01bbd47fc00a2c39e90264f33305004495a9","hash":"6ffda89f69df33f7a69cc04b77fd143729968d03"}
,"/Users/mnells/Documents/__SourceCode/nelles.io/employees.nelles.io/client/src/components/Template/Chart.tsx": {"path":"/Users/mnells/Documents/__SourceCode/nelles.io/employees.nelles.io/client/src/components/Template/Chart.tsx","statementMap":{"0":{"start":{"line":15,"column":3},"end":{"line":15,"column":27}},"1":{"start":{"line":18,"column":13},"end":{"line":28,"column":1}},"2":{"start":{"line":31,"column":17},"end":{"line":31,"column":27}},"3":{"start":{"line":33,"column":3},"end":{"line":77,"column":5}}},"fnMap":{"0":{"name":"createData","decl":{"start":{"line":14,"column":9},"end":{"line":14,"column":19}},"loc":{"start":{"line":14,"column":51},"end":{"line":16,"column":1}},"line":14},"1":{"name":"Chart","decl":{"start":{"line":30,"column":24},"end":{"line":30,"column":29}},"loc":{"start":{"line":30,"column":32},"end":{"line":78,"column":1}},"line":30}},"branchMap":{},"s":{"0":0,"1":0,"2":0,"3":0},"f":{"0":0,"1":0},"b":{}}
,"/Users/mnells/Documents/__SourceCode/nelles.io/employees.nelles.io/client/src/components/Template/DashboardTemplate.tsx": {"path":"/Users/mnells/Documents/__SourceCode/nelles.io/employees.nelles.io/client/src/components/Template/DashboardTemplate.tsx","statementMap":{"0":{"start":{"line":9,"column":20},"end":{"line":9,"column":23}},"1":{"start":{"line":16,"column":24},"end":{"line":16,"column":29}},"2":{"start":{"line":17,"column":27},"end":{"line":17,"column":48}},"3":{"start":{"line":18,"column":24},"end":{"line":20,"column":4}},"4":{"start":{"line":19,"column":6},"end":{"line":19,"column":21}},"5":{"start":{"line":22,"column":3},"end":{"line":57,"column":5}},"6":{"start":{"line":42,"column":21},"end":{"line":44,"column":49}}},"fnMap":{"0":{"name":"(anonymous_0)","decl":{"start":{"line":15,"column":26},"end":{"line":15,"column":27}},"loc":{"start":{"line":15,"column":61},"end":{"line":58,"column":1}},"line":15},"1":{"name":"(anonymous_1)","decl":{"start":{"line":18,"column":24},"end":{"line":18,"column":25}},"loc":{"start":{"line":18,"column":30},"end":{"line":20,"column":4}},"line":18},"2":{"name":"(anonymous_2)","decl":{"start":{"line":41,"column":35},"end":{"line":41,"column":36}},"loc":{"start":{"line":42,"column":21},"end":{"line":44,"column":49}},"line":42}},"branchMap":{"0":{"loc":{"start":{"line":42,"column":21},"end":{"line":44,"column":49}},"type":"cond-expr","locations":[{"start":{"line":43,"column":26},"end":{"line":43,"column":49}},{"start":{"line":44,"column":26},"end":{"line":44,"column":49}}],"line":42}},"s":{"0":1,"1":0,"2":0,"3":0,"4":0,"5":0,"6":0},"f":{"0":0,"1":0,"2":0},"b":{"0":[0,0]},"_coverageSchema":"1a1c01bbd47fc00a2c39e90264f33305004495a9","hash":"aad22141e415890ac82cf905d0864ee0475cc8d4"}
,"/Users/mnells/Documents/__SourceCode/nelles.io/employees.nelles.io/client/src/components/Template/Title.tsx": {"path":"/Users/mnells/Documents/__SourceCode/nelles.io/employees.nelles.io/client/src/components/Template/Title.tsx","statementMap":{"0":{"start":{"line":9,"column":3},"end":{"line":13,"column":5}}},"fnMap":{"0":{"name":"Title","decl":{"start":{"line":8,"column":24},"end":{"line":8,"column":29}},"loc":{"start":{"line":8,"column":49},"end":{"line":14,"column":1}},"line":8}},"branchMap":{},"s":{"0":0},"f":{"0":0},"b":{}}
,"/Users/mnells/Documents/__SourceCode/nelles.io/employees.nelles.io/client/src/components/Template/components/DrawerLeft.tsx": {"path":"/Users/mnells/Documents/__SourceCode/nelles.io/employees.nelles.io/client/src/components/Template/components/DrawerLeft.tsx","statementMap":{"0":{"start":{"line":16,"column":26},"end":{"line":70,"column":1}},"1":{"start":{"line":17,"column":56},"end":{"line":17,"column":61}},"2":{"start":{"line":18,"column":20},"end":{"line":18,"column":33}},"3":{"start":{"line":20,"column":18},"end":{"line":22,"column":4}},"4":{"start":{"line":21,"column":6},"end":{"line":21,"column":21}},"5":{"start":{"line":24,"column":23},"end":{"line":48,"column":6}},"6":{"start":{"line":25,"column":35},"end":{"line":25,"column":50}},"7":{"start":{"line":26,"column":28},"end":{"line":48,"column":4}},"8":{"start":{"line":50,"column":3},"end":{"line":69,"column":5}}},"fnMap":{"0":{"name":"(anonymous_0)","decl":{"start":{"line":16,"column":26},"end":{"line":16,"column":27}},"loc":{"start":{"line":16,"column":54},"end":{"line":70,"column":1}},"line":16},"1":{"name":"(anonymous_1)","decl":{"start":{"line":20,"column":18},"end":{"line":20,"column":19}},"loc":{"start":{"line":20,"column":36},"end":{"line":22,"column":4}},"line":20},"2":{"name":"(anonymous_2)","decl":{"start":{"line":25,"column":25},"end":{"line":25,"column":26}},"loc":{"start":{"line":25,"column":35},"end":{"line":25,"column":50}},"line":25},"3":{"name":"(anonymous_3)","decl":{"start":{"line":26,"column":6},"end":{"line":26,"column":7}},"loc":{"start":{"line":26,"column":28},"end":{"line":48,"column":4}},"line":26}},"branchMap":{"0":{"loc":{"start":{"line":36,"column":13},"end":{"line":46,"column":10}},"type":"binary-expr","locations":[{"start":{"line":36,"column":13},"end":{"line":36,"column":18}},{"start":{"line":36,"column":22},"end":{"line":46,"column":10}}],"line":36}},"s":{"0":1,"1":0,"2":0,"3":0,"4":0,"5":0,"6":0,"7":0,"8":0},"f":{"0":0,"1":0,"2":0,"3":0},"b":{"0":[0,0]},"_coverageSchema":"1a1c01bbd47fc00a2c39e90264f33305004495a9","hash":"5377233fa0dc6fdac640c2083de1e55009024559"}
,"/Users/mnells/Documents/__SourceCode/nelles.io/employees.nelles.io/client/src/components/Template/components/LeftNav.tsx": {"path":"/Users/mnells/Documents/__SourceCode/nelles.io/employees.nelles.io/client/src/components/Template/components/LeftNav.tsx","statementMap":{"0":{"start":{"line":23,"column":23},"end":{"line":98,"column":1}},"1":{"start":{"line":24,"column":22},"end":{"line":24,"column":27}},"2":{"start":{"line":26,"column":3},"end":{"line":97,"column":5}},"3":{"start":{"line":29,"column":43},"end":{"line":29,"column":63}},"4":{"start":{"line":35,"column":43},"end":{"line":35,"column":63}},"5":{"start":{"line":41,"column":43},"end":{"line":41,"column":65}},"6":{"start":{"line":47,"column":43},"end":{"line":47,"column":62}},"7":{"start":{"line":53,"column":43},"end":{"line":53,"column":62}},"8":{"start":{"line":59,"column":43},"end":{"line":59,"column":60}},"9":{"start":{"line":71,"column":43},"end":{"line":71,"column":60}},"10":{"start":{"line":77,"column":43},"end":{"line":77,"column":58}},"11":{"start":{"line":83,"column":43},"end":{"line":83,"column":59}},"12":{"start":{"line":89,"column":43},"end":{"line":89,"column":61}}},"fnMap":{"0":{"name":"(anonymous_0)","decl":{"start":{"line":23,"column":23},"end":{"line":23,"column":24}},"loc":{"start":{"line":23,"column":48},"end":{"line":98,"column":1}},"line":23},"1":{"name":"(anonymous_1)","decl":{"start":{"line":29,"column":37},"end":{"line":29,"column":38}},"loc":{"start":{"line":29,"column":43},"end":{"line":29,"column":63}},"line":29},"2":{"name":"(anonymous_2)","decl":{"start":{"line":35,"column":37},"end":{"line":35,"column":38}},"loc":{"start":{"line":35,"column":43},"end":{"line":35,"column":63}},"line":35},"3":{"name":"(anonymous_3)","decl":{"start":{"line":41,"column":37},"end":{"line":41,"column":38}},"loc":{"start":{"line":41,"column":43},"end":{"line":41,"column":65}},"line":41},"4":{"name":"(anonymous_4)","decl":{"start":{"line":47,"column":37},"end":{"line":47,"column":38}},"loc":{"start":{"line":47,"column":43},"end":{"line":47,"column":62}},"line":47},"5":{"name":"(anonymous_5)","decl":{"start":{"line":53,"column":37},"end":{"line":53,"column":38}},"loc":{"start":{"line":53,"column":43},"end":{"line":53,"column":62}},"line":53},"6":{"name":"(anonymous_6)","decl":{"start":{"line":59,"column":37},"end":{"line":59,"column":38}},"loc":{"start":{"line":59,"column":43},"end":{"line":59,"column":60}},"line":59},"7":{"name":"(anonymous_7)","decl":{"start":{"line":71,"column":37},"end":{"line":71,"column":38}},"loc":{"start":{"line":71,"column":43},"end":{"line":71,"column":60}},"line":71},"8":{"name":"(anonymous_8)","decl":{"start":{"line":77,"column":37},"end":{"line":77,"column":38}},"loc":{"start":{"line":77,"column":43},"end":{"line":77,"column":58}},"line":77},"9":{"name":"(anonymous_9)","decl":{"start":{"line":83,"column":37},"end":{"line":83,"column":38}},"loc":{"start":{"line":83,"column":43},"end":{"line":83,"column":59}},"line":83},"10":{"name":"(anonymous_10)","decl":{"start":{"line":89,"column":37},"end":{"line":89,"column":38}},"loc":{"start":{"line":89,"column":43},"end":{"line":89,"column":61}},"line":89}},"branchMap":{},"s":{"0":1,"1":0,"2":0,"3":0,"4":0,"5":0,"6":0,"7":0,"8":0,"9":0,"10":0,"11":0,"12":0},"f":{"0":0,"1":0,"2":0,"3":0,"4":0,"5":0,"6":0,"7":0,"8":0,"9":0,"10":0},"b":{},"_coverageSchema":"1a1c01bbd47fc00a2c39e90264f33305004495a9","hash":"51ed8225b30ab877b93b04dd7b14acaa1f10cf69"}
,"/Users/mnells/Documents/__SourceCode/nelles.io/employees.nelles.io/client/src/components/Template/components/ProfileNav.tsx": {"path":"/Users/mnells/Documents/__SourceCode/nelles.io/employees.nelles.io/client/src/components/Template/components/ProfileNav.tsx","statementMap":{"0":{"start":{"line":29,"column":20},"end":{"line":29,"column":33}},"1":{"start":{"line":30,"column":15},"end":{"line":30,"column":31}},"2":{"start":{"line":32,"column":35},"end":{"line":32,"column":69}},"3":{"start":{"line":33,"column":18},"end":{"line":33,"column":35}},"4":{"start":{"line":34,"column":35},"end":{"line":34,"column":69}},"5":{"start":{"line":35,"column":18},"end":{"line":35,"column":35}},"6":{"start":{"line":37,"column":29},"end":{"line":37,"column":52}},"7":{"start":{"line":37,"column":35},"end":{"line":37,"column":52}},"8":{"start":{"line":38,"column":29},"end":{"line":38,"column":52}},"9":{"start":{"line":38,"column":35},"end":{"line":38,"column":52}},"10":{"start":{"line":40,"column":25},"end":{"line":44,"column":4}},"11":{"start":{"line":41,"column":6},"end":{"line":41,"column":24}},"12":{"start":{"line":42,"column":6},"end":{"line":42,"column":55}},"13":{"start":{"line":43,"column":6},"end":{"line":43,"column":27}},"14":{"start":{"line":46,"column":24},"end":{"line":63,"column":4}},"15":{"start":{"line":49,"column":6},"end":{"line":49,"column":51}},"16":{"start":{"line":50,"column":6},"end":{"line":50,"column":39}},"17":{"start":{"line":51,"column":6},"end":{"line":51,"column":23}},"18":{"start":{"line":52,"column":6},"end":{"line":52,"column":26}},"19":{"start":{"line":53,"column":6},"end":{"line":53,"column":33}},"20":{"start":{"line":54,"column":6},"end":{"line":54,"column":28}},"21":{"start":{"line":55,"column":6},"end":{"line":55,"column":30}},"22":{"start":{"line":56,"column":6},"end":{"line":56,"column":25}},"23":{"start":{"line":57,"column":6},"end":{"line":57,"column":27}},"24":{"start":{"line":58,"column":6},"end":{"line":58,"column":27}},"25":{"start":{"line":59,"column":6},"end":{"line":59,"column":24}},"26":{"start":{"line":60,"column":6},"end":{"line":60,"column":27}},"27":{"start":{"line":61,"column":6},"end":{"line":61,"column":26}},"28":{"start":{"line":62,"column":6},"end":{"line":62,"column":49}},"29":{"start":{"line":62,"column":23},"end":{"line":62,"column":41}},"30":{"start":{"line":64,"column":25},"end":{"line":66,"column":4}},"31":{"start":{"line":65,"column":6},"end":{"line":65,"column":39}},"32":{"start":{"line":67,"column":25},"end":{"line":69,"column":4}},"33":{"start":{"line":68,"column":6},"end":{"line":68,"column":39}},"34":{"start":{"line":71,"column":3},"end":{"line":118,"column":5}},"35":{"start":{"line":115,"column":42},"end":{"line":115,"column":61}}},"fnMap":{"0":{"name":"(anonymous_0)","decl":{"start":{"line":28,"column":26},"end":{"line":28,"column":27}},"loc":{"start":{"line":28,"column":45},"end":{"line":119,"column":1}},"line":28},"1":{"name":"(anonymous_1)","decl":{"start":{"line":37,"column":29},"end":{"line":37,"column":30}},"loc":{"start":{"line":37,"column":35},"end":{"line":37,"column":52}},"line":37},"2":{"name":"(anonymous_2)","decl":{"start":{"line":38,"column":29},"end":{"line":38,"column":30}},"loc":{"start":{"line":38,"column":35},"end":{"line":38,"column":52}},"line":38},"3":{"name":"(anonymous_3)","decl":{"start":{"line":40,"column":25},"end":{"line":40,"column":26}},"loc":{"start":{"line":40,"column":31},"end":{"line":44,"column":4}},"line":40},"4":{"name":"(anonymous_4)","decl":{"start":{"line":46,"column":24},"end":{"line":46,"column":25}},"loc":{"start":{"line":48,"column":14},"end":{"line":63,"column":4}},"line":48},"5":{"name":"(anonymous_5)","decl":{"start":{"line":62,"column":17},"end":{"line":62,"column":18}},"loc":{"start":{"line":62,"column":23},"end":{"line":62,"column":41}},"line":62},"6":{"name":"(anonymous_6)","decl":{"start":{"line":64,"column":25},"end":{"line":64,"column":26}},"loc":{"start":{"line":64,"column":73},"end":{"line":66,"column":4}},"line":64},"7":{"name":"(anonymous_7)","decl":{"start":{"line":67,"column":25},"end":{"line":67,"column":26}},"loc":{"start":{"line":67,"column":73},"end":{"line":69,"column":4}},"line":67},"8":{"name":"(anonymous_8)","decl":{"start":{"line":115,"column":31},"end":{"line":115,"column":32}},"loc":{"start":{"line":115,"column":42},"end":{"line":115,"column":61}},"line":115}},"branchMap":{"0":{"loc":{"start":{"line":75,"column":27},"end":{"line":75,"column":60}},"type":"cond-expr","locations":[{"start":{"line":75,"column":36},"end":{"line":75,"column":48}},{"start":{"line":75,"column":51},"end":{"line":75,"column":60}}],"line":75},"1":{"loc":{"start":{"line":77,"column":27},"end":{"line":77,"column":54}},"type":"cond-expr","locations":[{"start":{"line":77,"column":36},"end":{"line":77,"column":42}},{"start":{"line":77,"column":45},"end":{"line":77,"column":54}}],"line":77},"2":{"loc":{"start":{"line":98,"column":27},"end":{"line":98,"column":60}},"type":"cond-expr","locations":[{"start":{"line":98,"column":36},"end":{"line":98,"column":48}},{"start":{"line":98,"column":51},"end":{"line":98,"column":60}}],"line":98},"3":{"loc":{"start":{"line":100,"column":27},"end":{"line":100,"column":54}},"type":"cond-expr","locations":[{"start":{"line":100,"column":36},"end":{"line":100,"column":42}},{"start":{"line":100,"column":45},"end":{"line":100,"column":54}}],"line":100}},"s":{"0":0,"1":0,"2":0,"3":0,"4":0,"5":0,"6":0,"7":0,"8":0,"9":0,"10":0,"11":0,"12":0,"13":0,"14":0,"15":0,"16":0,"17":0,"18":0,"19":0,"20":0,"21":0,"22":0,"23":0,"24":0,"25":0,"26":0,"27":0,"28":0,"29":0,"30":0,"31":0,"32":0,"33":0,"34":0,"35":0},"f":{"0":0,"1":0,"2":0,"3":0,"4":0,"5":0,"6":0,"7":0,"8":0},"b":{"0":[0,0],"1":[0,0],"2":[0,0],"3":[0,0]},"_coverageSchema":"1a1c01bbd47fc00a2c39e90264f33305004495a9","hash":"f2579ba4bc1b46aa6c4f2419baa18f85bcbb0bed"}
,"/Users/mnells/Documents/__SourceCode/nelles.io/employees.nelles.io/client/src/components/Template/components/Autocomplete/AutoComplete.tsx": {"path":"/Users/mnells/Documents/__SourceCode/nelles.io/employees.nelles.io/client/src/components/Template/components/Autocomplete/AutoComplete.tsx","statementMap":{"0":{"start":{"line":13,"column":13},"end":{"line":16,"column":1}},"1":{"start":{"line":29,"column":51},"end":{"line":122,"column":1}},"2":{"start":{"line":35,"column":22},"end":{"line":35,"column":62}},"3":{"start":{"line":35,"column":48},"end":{"line":35,"column":61}},"4":{"start":{"line":36,"column":15},"end":{"line":36,"column":31}},"5":{"start":{"line":37,"column":34},"end":{"line":40,"column":5}},"6":{"start":{"line":42,"column":55},"end":{"line":42,"column":69}},"7":{"start":{"line":43,"column":25},"end":{"line":66,"column":4}},"8":{"start":{"line":44,"column":20},"end":{"line":44,"column":34}},"9":{"start":{"line":45,"column":29},"end":{"line":45,"column":31}},"10":{"start":{"line":46,"column":6},"end":{"line":63,"column":7}},"11":{"start":{"line":47,"column":23},"end":{"line":47,"column":51}},"12":{"start":{"line":49,"column":9},"end":{"line":56,"column":14}},"13":{"start":{"line":52,"column":15},"end":{"line":55,"column":59}},"14":{"start":{"line":58,"column":9},"end":{"line":62,"column":11}},"15":{"start":{"line":64,"column":6},"end":{"line":64,"column":34}},"16":{"start":{"line":65,"column":6},"end":{"line":65,"column":49}},"17":{"start":{"line":68,"column":30},"end":{"line":75,"column":4}},"18":{"start":{"line":69,"column":6},"end":{"line":69,"column":35}},"19":{"start":{"line":71,"column":6},"end":{"line":74,"column":9}},"20":{"start":{"line":77,"column":27},"end":{"line":77,"column":33}},"21":{"start":{"line":79,"column":3},"end":{"line":121,"column":5}},"22":{"start":{"line":82,"column":27},"end":{"line":82,"column":55}},"23":{"start":{"line":108,"column":21},"end":{"line":115,"column":40}},"24":{"start":{"line":111,"column":42},"end":{"line":111,"column":66}}},"fnMap":{"0":{"name":"(anonymous_0)","decl":{"start":{"line":29,"column":51},"end":{"line":29,"column":52}},"loc":{"start":{"line":34,"column":6},"end":{"line":122,"column":1}},"line":34},"1":{"name":"(anonymous_1)","decl":{"start":{"line":35,"column":37},"end":{"line":35,"column":38}},"loc":{"start":{"line":35,"column":48},"end":{"line":35,"column":61}},"line":35},"2":{"name":"(anonymous_2)","decl":{"start":{"line":43,"column":25},"end":{"line":43,"column":26}},"loc":{"start":{"line":43,"column":63},"end":{"line":66,"column":4}},"line":43},"3":{"name":"(anonymous_3)","decl":{"start":{"line":51,"column":20},"end":{"line":51,"column":21}},"loc":{"start":{"line":52,"column":15},"end":{"line":55,"column":59}},"line":52},"4":{"name":"(anonymous_4)","decl":{"start":{"line":68,"column":30},"end":{"line":68,"column":31}},"loc":{"start":{"line":68,"column":48},"end":{"line":75,"column":4}},"line":68},"5":{"name":"(anonymous_5)","decl":{"start":{"line":82,"column":21},"end":{"line":82,"column":22}},"loc":{"start":{"line":82,"column":27},"end":{"line":82,"column":55}},"line":82},"6":{"name":"(anonymous_6)","decl":{"start":{"line":107,"column":35},"end":{"line":107,"column":36}},"loc":{"start":{"line":108,"column":21},"end":{"line":115,"column":40}},"line":108},"7":{"name":"(anonymous_7)","decl":{"start":{"line":111,"column":36},"end":{"line":111,"column":37}},"loc":{"start":{"line":111,"column":42},"end":{"line":111,"column":66}},"line":111}},"branchMap":{"0":{"loc":{"start":{"line":46,"column":6},"end":{"line":63,"column":7}},"type":"if","locations":[{"start":{"line":46,"column":6},"end":{"line":63,"column":7}},{"start":{},"end":{}}],"line":46},"1":{"loc":{"start":{"line":84,"column":24},"end":{"line":84,"column":61}},"type":"cond-expr","locations":[{"start":{"line":84,"column":45},"end":{"line":84,"column":52}},{"start":{"line":84,"column":55},"end":{"line":84,"column":61}}],"line":84},"2":{"loc":{"start":{"line":105,"column":13},"end":{"line":118,"column":13}},"type":"binary-expr","locations":[{"start":{"line":105,"column":13},"end":{"line":105,"column":35}},{"start":{"line":105,"column":39},"end":{"line":105,"column":57}},{"start":{"line":106,"column":15},"end":{"line":117,"column":39}}],"line":105}},"s":{"0":0,"1":0,"2":0,"3":0,"4":0,"5":0,"6":0,"7":0,"8":0,"9":0,"10":0,"11":0,"12":0,"13":0,"14":0,"15":0,"16":0,"17":0,"18":0,"19":0,"20":0,"21":0,"22":0,"23":0,"24":0},"f":{"0":0,"1":0,"2":0,"3":0,"4":0,"5":0,"6":0,"7":0},"b":{"0":[0,0],"1":[0,0],"2":[0,0,0]}}
,"/Users/mnells/Documents/__SourceCode/nelles.io/employees.nelles.io/client/src/components/Template/components/Autocomplete/SearchBox.tsx": {"path":"/Users/mnells/Documents/__SourceCode/nelles.io/employees.nelles.io/client/src/components/Template/components/Autocomplete/SearchBox.tsx","statementMap":{"0":{"start":{"line":18,"column":25},"end":{"line":44,"column":1}},"1":{"start":{"line":19,"column":33},"end":{"line":21,"column":5}},"2":{"start":{"line":22,"column":28},"end":{"line":22,"column":30}},"3":{"start":{"line":29,"column":3},"end":{"line":33,"column":4}},"4":{"start":{"line":30,"column":6},"end":{"line":30,"column":57}},"5":{"start":{"line":30,"column":41},"end":{"line":30,"column":57}},"6":{"start":{"line":32,"column":6},"end":{"line":32,"column":25}},"7":{"start":{"line":34,"column":3},"end":{"line":43,"column":5}}},"fnMap":{"0":{"name":"(anonymous_0)","decl":{"start":{"line":18,"column":25},"end":{"line":18,"column":26}},"loc":{"start":{"line":18,"column":36},"end":{"line":44,"column":1}},"line":18}},"branchMap":{"0":{"loc":{"start":{"line":30,"column":6},"end":{"line":30,"column":57}},"type":"if","locations":[{"start":{"line":30,"column":6},"end":{"line":30,"column":57}},{"start":{},"end":{}}],"line":30}},"s":{"0":0,"1":0,"2":0,"3":0,"4":0,"5":0,"6":0,"7":0},"f":{"0":0},"b":{"0":[0,0]}}
,"/Users/mnells/Documents/__SourceCode/nelles.io/employees.nelles.io/client/src/components/Template/components/Autocomplete/SearchResults.tsx": {"path":"/Users/mnells/Documents/__SourceCode/nelles.io/employees.nelles.io/client/src/components/Template/components/Autocomplete/SearchResults.tsx","statementMap":{"0":{"start":{"line":18,"column":21},"end":{"line":27,"column":1}},"1":{"start":{"line":29,"column":19},"end":{"line":34,"column":1}},"2":{"start":{"line":36,"column":18},"end":{"line":40,"column":1}},"3":{"start":{"line":42,"column":12},"end":{"line":47,"column":1}},"4":{"start":{"line":43,"column":13},"end":{"line":43,"column":47}},"5":{"start":{"line":44,"column":3},"end":{"line":46,"column":4}},"6":{"start":{"line":45,"column":6},"end":{"line":45,"column":70}},"7":{"start":{"line":49,"column":29},"end":{"line":108,"column":1}},"8":{"start":{"line":50,"column":28},"end":{"line":50,"column":33}},"9":{"start":{"line":52,"column":27},"end":{"line":52,"column":42}},"10":{"start":{"line":53,"column":31},"end":{"line":53,"column":50}},"11":{"start":{"line":54,"column":45},"end":{"line":54,"column":57}},"12":{"start":{"line":56,"column":19},"end":{"line":78,"column":4}},"13":{"start":{"line":57,"column":35},"end":{"line":57,"column":44}},"14":{"start":{"line":58,"column":6},"end":{"line":77,"column":8}},"15":{"start":{"line":61,"column":54},"end":{"line":61,"column":63}},"16":{"start":{"line":68,"column":24},"end":{"line":68,"column":40}},"17":{"start":{"line":69,"column":24},"end":{"line":69,"column":38}},"18":{"start":{"line":80,"column":27},"end":{"line":82,"column":4}},"19":{"start":{"line":81,"column":6},"end":{"line":81,"column":20}},"20":{"start":{"line":84,"column":23},"end":{"line":87,"column":4}},"21":{"start":{"line":85,"column":6},"end":{"line":85,"column":21}},"22":{"start":{"line":86,"column":6},"end":{"line":86,"column":30}},"23":{"start":{"line":89,"column":3},"end":{"line":107,"column":5}},"24":{"start":{"line":95,"column":17},"end":{"line":95,"column":59}}},"fnMap":{"0":{"name":"(anonymous_0)","decl":{"start":{"line":42,"column":12},"end":{"line":42,"column":13}},"loc":{"start":{"line":42,"column":28},"end":{"line":47,"column":1}},"line":42},"1":{"name":"(anonymous_1)","decl":{"start":{"line":49,"column":29},"end":{"line":49,"column":30}},"loc":{"start":{"line":49,"column":64},"end":{"line":108,"column":1}},"line":49},"2":{"name":"(anonymous_2)","decl":{"start":{"line":56,"column":19},"end":{"line":56,"column":20}},"loc":{"start":{"line":56,"column":45},"end":{"line":78,"column":4}},"line":56},"3":{"name":"(anonymous_3)","decl":{"start":{"line":61,"column":48},"end":{"line":61,"column":49}},"loc":{"start":{"line":61,"column":54},"end":{"line":61,"column":63}},"line":61},"4":{"name":"(anonymous_4)","decl":{"start":{"line":67,"column":30},"end":{"line":67,"column":31}},"loc":{"start":{"line":67,"column":36},"end":{"line":70,"column":22}},"line":67},"5":{"name":"(anonymous_5)","decl":{"start":{"line":80,"column":27},"end":{"line":80,"column":28}},"loc":{"start":{"line":80,"column":33},"end":{"line":82,"column":4}},"line":80},"6":{"name":"(anonymous_6)","decl":{"start":{"line":84,"column":23},"end":{"line":84,"column":24}},"loc":{"start":{"line":84,"column":42},"end":{"line":87,"column":4}},"line":84},"7":{"name":"(anonymous_7)","decl":{"start":{"line":94,"column":30},"end":{"line":94,"column":31}},"loc":{"start":{"line":95,"column":17},"end":{"line":95,"column":59}},"line":95}},"branchMap":{"0":{"loc":{"start":{"line":44,"column":3},"end":{"line":46,"column":4}},"type":"if","locations":[{"start":{"line":44,"column":3},"end":{"line":46,"column":4}},{"start":{},"end":{}}],"line":44},"1":{"loc":{"start":{"line":45,"column":24},"end":{"line":45,"column":69}},"type":"cond-expr","locations":[{"start":{"line":45,"column":53},"end":{"line":45,"column":60}},{"start":{"line":45,"column":63},"end":{"line":45,"column":69}}],"line":45},"2":{"loc":{"start":{"line":50,"column":11},"end":{"line":50,"column":23}},"type":"default-arg","locations":[{"start":{"line":50,"column":21},"end":{"line":50,"column":23}}],"line":50},"3":{"loc":{"start":{"line":92,"column":10},"end":{"line":96,"column":16}},"type":"cond-expr","locations":[{"start":{"line":93,"column":14},"end":{"line":93,"column":18}},{"start":{"line":94,"column":14},"end":{"line":96,"column":16}}],"line":92},"4":{"loc":{"start":{"line":92,"column":10},"end":{"line":92,"column":34}},"type":"binary-expr","locations":[{"start":{"line":92,"column":10},"end":{"line":92,"column":18}},{"start":{"line":92,"column":22},"end":{"line":92,"column":34}}],"line":92},"5":{"loc":{"start":{"line":97,"column":10},"end":{"line":105,"column":10}},"type":"cond-expr","locations":[{"start":{"line":97,"column":25},"end":{"line":97,"column":29}},{"start":{"line":98,"column":12},"end":{"line":104,"column":14}}],"line":97}},"s":{"0":0,"1":0,"2":0,"3":0,"4":0,"5":0,"6":0,"7":0,"8":0,"9":0,"10":0,"11":0,"12":0,"13":0,"14":0,"15":0,"16":0,"17":0,"18":0,"19":0,"20":0,"21":0,"22":0,"23":0,"24":0},"f":{"0":0,"1":0,"2":0,"3":0,"4":0,"5":0,"6":0,"7":0},"b":{"0":[0,0],"1":[0,0],"2":[0],"3":[0,0],"4":[0,0],"5":[0,0]}}
,"/Users/mnells/Documents/__SourceCode/nelles.io/employees.nelles.io/client/src/components/Template/components/Autocomplete/styles.ts": {"path":"/Users/mnells/Documents/__SourceCode/nelles.io/employees.nelles.io/client/src/components/Template/components/Autocomplete/styles.ts","statementMap":{"0":{"start":{"line":3,"column":20},"end":{"line":6,"column":1}},"1":{"start":{"line":8,"column":31},"end":{"line":12,"column":1}},"2":{"start":{"line":14,"column":28},"end":{"line":23,"column":1}},"3":{"start":{"line":25,"column":32},"end":{"line":44,"column":1}},"4":{"start":{"line":32,"column":33},"end":{"line":32,"column":74}},"5":{"start":{"line":41,"column":31},"end":{"line":41,"column":54}},"6":{"start":{"line":42,"column":30},"end":{"line":42,"column":52}},"7":{"start":{"line":46,"column":37},"end":{"line":61,"column":1}},"8":{"start":{"line":63,"column":32},"end":{"line":70,"column":1}},"9":{"start":{"line":72,"column":38},"end":{"line":80,"column":1}},"10":{"start":{"line":81,"column":21},"end":{"line":93,"column":1}},"11":{"start":{"line":89,"column":34},"end":{"line":89,"column":57}},"12":{"start":{"line":90,"column":33},"end":{"line":90,"column":55}}},"fnMap":{"0":{"name":"(anonymous_0)","decl":{"start":{"line":32,"column":16},"end":{"line":32,"column":17}},"loc":{"start":{"line":32,"column":33},"end":{"line":32,"column":74}},"line":32},"1":{"name":"(anonymous_1)","decl":{"start":{"line":41,"column":15},"end":{"line":41,"column":16}},"loc":{"start":{"line":41,"column":31},"end":{"line":41,"column":54}},"line":41},"2":{"name":"(anonymous_2)","decl":{"start":{"line":42,"column":14},"end":{"line":42,"column":15}},"loc":{"start":{"line":42,"column":30},"end":{"line":42,"column":52}},"line":42},"3":{"name":"(anonymous_3)","decl":{"start":{"line":89,"column":18},"end":{"line":89,"column":19}},"loc":{"start":{"line":89,"column":34},"end":{"line":89,"column":57}},"line":89},"4":{"name":"(anonymous_4)","decl":{"start":{"line":90,"column":17},"end":{"line":90,"column":18}},"loc":{"start":{"line":90,"column":33},"end":{"line":90,"column":55}},"line":90}},"branchMap":{"0":{"loc":{"start":{"line":32,"column":33},"end":{"line":32,"column":74}},"type":"cond-expr","locations":[{"start":{"line":32,"column":48},"end":{"line":32,"column":65}},{"start":{"line":32,"column":68},"end":{"line":32,"column":74}}],"line":32},"1":{"loc":{"start":{"line":41,"column":31},"end":{"line":41,"column":54}},"type":"binary-expr","locations":[{"start":{"line":41,"column":31},"end":{"line":41,"column":42}},{"start":{"line":41,"column":46},"end":{"line":41,"column":54}}],"line":41},"2":{"loc":{"start":{"line":42,"column":30},"end":{"line":42,"column":52}},"type":"binary-expr","locations":[{"start":{"line":42,"column":30},"end":{"line":42,"column":40}},{"start":{"line":42,"column":44},"end":{"line":42,"column":52}}],"line":42},"3":{"loc":{"start":{"line":89,"column":34},"end":{"line":89,"column":57}},"type":"binary-expr","locations":[{"start":{"line":89,"column":34},"end":{"line":89,"column":45}},{"start":{"line":89,"column":49},"end":{"line":89,"column":57}}],"line":89},"4":{"loc":{"start":{"line":90,"column":33},"end":{"line":90,"column":55}},"type":"binary-expr","locations":[{"start":{"line":90,"column":33},"end":{"line":90,"column":43}},{"start":{"line":90,"column":47},"end":{"line":90,"column":55}}],"line":90}},"s":{"0":0,"1":0,"2":0,"3":0,"4":0,"5":0,"6":0,"7":0,"8":0,"9":0,"10":0,"11":0,"12":0},"f":{"0":0,"1":0,"2":0,"3":0,"4":0},"b":{"0":[0,0],"1":[0,0],"2":[0,0],"3":[0,0],"4":[0,0]}}
,"/Users/mnells/Documents/__SourceCode/nelles.io/employees.nelles.io/client/src/components/Template/components/dialogs/SearchEdit.tsx": {"path":"/Users/mnells/Documents/__SourceCode/nelles.io/employees.nelles.io/client/src/components/Template/components/dialogs/SearchEdit.tsx","statementMap":{"0":{"start":{"line":12,"column":15},"end":{"line":12,"column":57}},"1":{"start":{"line":14,"column":13},"end":{"line":18,"column":1}},"2":{"start":{"line":28,"column":48},"end":{"line":28,"column":53}},"3":{"start":{"line":29,"column":20},"end":{"line":29,"column":36}},"4":{"start":{"line":30,"column":22},"end":{"line":30,"column":62}},"5":{"start":{"line":30,"column":48},"end":{"line":30,"column":61}},"6":{"start":{"line":31,"column":24},"end":{"line":31,"column":64}},"7":{"start":{"line":31,"column":50},"end":{"line":31,"column":63}},"8":{"start":{"line":32,"column":17},"end":{"line":32,"column":35}},"9":{"start":{"line":34,"column":17},"end":{"line":36,"column":4}},"10":{"start":{"line":35,"column":59},"end":{"line":35,"column":72}},"11":{"start":{"line":38,"column":29},"end":{"line":40,"column":4}},"12":{"start":{"line":41,"column":27},"end":{"line":43,"column":4}},"13":{"start":{"line":45,"column":23},"end":{"line":49,"column":4}},"14":{"start":{"line":46,"column":6},"end":{"line":46,"column":19}},"15":{"start":{"line":47,"column":6},"end":{"line":47,"column":18}},"16":{"start":{"line":48,"column":6},"end":{"line":48,"column":29}},"17":{"start":{"line":51,"column":26},"end":{"line":92,"column":4}},"18":{"start":{"line":52,"column":6},"end":{"line":52,"column":29}},"19":{"start":{"line":54,"column":6},"end":{"line":59,"column":8}},"20":{"start":{"line":61,"column":24},"end":{"line":61,"column":55}},"21":{"start":{"line":62,"column":19},"end":{"line":62,"column":37}},"22":{"start":{"line":65,"column":18},"end":{"line":65,"column":35}},"23":{"start":{"line":66,"column":17},"end":{"line":66,"column":33}},"24":{"start":{"line":68,"column":6},"end":{"line":68,"column":36}},"25":{"start":{"line":69,"column":6},"end":{"line":69,"column":34}},"26":{"start":{"line":71,"column":6},"end":{"line":91,"column":7}},"27":{"start":{"line":72,"column":9},"end":{"line":77,"column":12}},"28":{"start":{"line":83,"column":9},"end":{"line":88,"column":11}},"29":{"start":{"line":90,"column":9},"end":{"line":90,"column":28}},"30":{"start":{"line":94,"column":3},"end":{"line":150,"column":5}},"31":{"start":{"line":138,"column":53},"end":{"line":138,"column":74}}},"fnMap":{"0":{"name":"SearchEdit","decl":{"start":{"line":27,"column":16},"end":{"line":27,"column":26}},"loc":{"start":{"line":27,"column":51},"end":{"line":151,"column":1}},"line":27},"1":{"name":"(anonymous_1)","decl":{"start":{"line":30,"column":37},"end":{"line":30,"column":38}},"loc":{"start":{"line":30,"column":48},"end":{"line":30,"column":61}},"line":30},"2":{"name":"(anonymous_2)","decl":{"start":{"line":31,"column":39},"end":{"line":31,"column":40}},"loc":{"start":{"line":31,"column":50},"end":{"line":31,"column":63}},"line":31},"3":{"name":"(anonymous_3)","decl":{"start":{"line":35,"column":6},"end":{"line":35,"column":7}},"loc":{"start":{"line":35,"column":59},"end":{"line":35,"column":72}},"line":35},"4":{"name":"(anonymous_4)","decl":{"start":{"line":45,"column":23},"end":{"line":45,"column":24}},"loc":{"start":{"line":45,"column":29},"end":{"line":49,"column":4}},"line":45},"5":{"name":"(anonymous_5)","decl":{"start":{"line":51,"column":26},"end":{"line":51,"column":27}},"loc":{"start":{"line":51,"column":48},"end":{"line":92,"column":4}},"line":51},"6":{"name":"(anonymous_6)","decl":{"start":{"line":138,"column":42},"end":{"line":138,"column":43}},"loc":{"start":{"line":138,"column":53},"end":{"line":138,"column":74}},"line":138}},"branchMap":{"0":{"loc":{"start":{"line":39,"column":6},"end":{"line":39,"column":67}},"type":"cond-expr","locations":[{"start":{"line":39,"column":49},"end":{"line":39,"column":62}},{"start":{"line":39,"column":65},"end":{"line":39,"column":67}}],"line":39},"1":{"loc":{"start":{"line":39,"column":6},"end":{"line":39,"column":46}},"type":"binary-expr","locations":[{"start":{"line":39,"column":6},"end":{"line":39,"column":13}},{"start":{"line":39,"column":17},"end":{"line":39,"column":27}},{"start":{"line":39,"column":31},"end":{"line":39,"column":46}}],"line":39},"2":{"loc":{"start":{"line":42,"column":6},"end":{"line":42,"column":67}},"type":"cond-expr","locations":[{"start":{"line":42,"column":49},"end":{"line":42,"column":62}},{"start":{"line":42,"column":65},"end":{"line":42,"column":67}}],"line":42},"3":{"loc":{"start":{"line":42,"column":6},"end":{"line":42,"column":46}},"type":"binary-expr","locations":[{"start":{"line":42,"column":6},"end":{"line":42,"column":13}},{"start":{"line":42,"column":17},"end":{"line":42,"column":27}},{"start":{"line":42,"column":31},"end":{"line":42,"column":46}}],"line":42}},"s":{"0":0,"1":0,"2":0,"3":0,"4":0,"5":0,"6":0,"7":0,"8":0,"9":0,"10":0,"11":0,"12":0,"13":0,"14":0,"15":0,"16":0,"17":0,"18":0,"19":0,"20":0,"21":0,"22":0,"23":0,"24":0,"25":0,"26":0,"27":0,"28":0,"29":0,"30":0,"31":0},"f":{"0":0,"1":0,"2":0,"3":0,"4":0,"5":0,"6":0},"b":{"0":[0,0],"1":[0,0,0],"2":[0,0],"3":[0,0,0]}}
,"/Users/mnells/Documents/__SourceCode/nelles.io/employees.nelles.io/client/src/components/themes/Theme.tsx": {"path":"/Users/mnells/Documents/__SourceCode/nelles.io/employees.nelles.io/client/src/components/themes/Theme.tsx","statementMap":{"0":{"start":{"line":3,"column":25},"end":{"line":18,"column":2}},"1":{"start":{"line":20,"column":26},"end":{"line":28,"column":2}}},"fnMap":{},"branchMap":{},"s":{"0":1,"1":1},"f":{},"b":{},"_coverageSchema":"1a1c01bbd47fc00a2c39e90264f33305004495a9","hash":"1a88c25a9f94379da2ee460e24b9d5ccb5dce524"}
,"/Users/mnells/Documents/__SourceCode/nelles.io/employees.nelles.io/client/src/constants/api.ts": {"path":"/Users/mnells/Documents/__SourceCode/nelles.io/employees.nelles.io/client/src/constants/api.ts","statementMap":{"0":{"start":{"line":1,"column":26},"end":{"line":1,"column":56}},"1":{"start":{"line":2,"column":25},"end":{"line":2,"column":48}}},"fnMap":{},"branchMap":{},"s":{"0":1,"1":1},"f":{},"b":{},"_coverageSchema":"1a1c01bbd47fc00a2c39e90264f33305004495a9","hash":"abb4ea97e8a9c205bed21df09aeaea9c644bb9e5"}
,"/Users/mnells/Documents/__SourceCode/nelles.io/employees.nelles.io/client/src/features/departments/departments.d.ts": {"path":"/Users/mnells/Documents/__SourceCode/nelles.io/employees.nelles.io/client/src/features/departments/departments.d.ts","statementMap":{},"fnMap":{},"branchMap":{},"s":{},"f":{},"b":{}}
,"/Users/mnells/Documents/__SourceCode/nelles.io/employees.nelles.io/client/src/features/departments/departmentsAPI.ts": {"path":"/Users/mnells/Documents/__SourceCode/nelles.io/employees.nelles.io/client/src/features/departments/departmentsAPI.ts","statementMap":{"0":{"start":{"line":4,"column":3},"end":{"line":6,"column":5}},"1":{"start":{"line":5,"column":6},"end":{"line":5,"column":55}}},"fnMap":{"0":{"name":"fetchDepartments","decl":{"start":{"line":3,"column":16},"end":{"line":3,"column":32}},"loc":{"start":{"line":3,"column":48},"end":{"line":7,"column":1}},"line":3},"1":{"name":"(anonymous_1)","decl":{"start":{"line":4,"column":40},"end":{"line":4,"column":41}},"loc":{"start":{"line":5,"column":6},"end":{"line":5,"column":55}},"line":5}},"branchMap":{},"s":{"0":0,"1":0},"f":{"0":0,"1":0},"b":{}}
,"/Users/mnells/Documents/__SourceCode/nelles.io/employees.nelles.io/client/src/features/departments/departmentsSlice.ts": {"path":"/Users/mnells/Documents/__SourceCode/nelles.io/employees.nelles.io/client/src/features/departments/departmentsSlice.ts","statementMap":{"0":{"start":{"line":5,"column":32},"end":{"line":8,"column":1}},"1":{"start":{"line":10,"column":32},"end":{"line":25,"column":2}},"2":{"start":{"line":16,"column":9},"end":{"line":21,"column":10}},"3":{"start":{"line":17,"column":12},"end":{"line":17,"column":43}},"4":{"start":{"line":18,"column":12},"end":{"line":18,"column":45}},"5":{"start":{"line":20,"column":12},"end":{"line":20,"column":31}},"6":{"start":{"line":23,"column":35},"end":{"line":23,"column":47}},"7":{"start":{"line":27,"column":52},"end":{"line":27,"column":76}},"8":{"start":{"line":29,"column":33},"end":{"line":29,"column":72}},"9":{"start":{"line":29,"column":55},"end":{"line":29,"column":72}}},"fnMap":{"0":{"name":"(anonymous_0)","decl":{"start":{"line":15,"column":22},"end":{"line":15,"column":23}},"loc":{"start":{"line":15,"column":72},"end":{"line":22,"column":7}},"line":15},"1":{"name":"(anonymous_1)","decl":{"start":{"line":23,"column":24},"end":{"line":23,"column":25}},"loc":{"start":{"line":23,"column":35},"end":{"line":23,"column":47}},"line":23},"2":{"name":"(anonymous_2)","decl":{"start":{"line":29,"column":33},"end":{"line":29,"column":34}},"loc":{"start":{"line":29,"column":55},"end":{"line":29,"column":72}},"line":29}},"branchMap":{},"s":{"0":1,"1":1,"2":0,"3":0,"4":0,"5":0,"6":0,"7":1,"8":1,"9":0},"f":{"0":0,"1":0,"2":0},"b":{},"_coverageSchema":"1a1c01bbd47fc00a2c39e90264f33305004495a9","hash":"14b3f137a1259bb79d3198e2a32ef1b4f732a6b1"}
,"/Users/mnells/Documents/__SourceCode/nelles.io/employees.nelles.io/client/src/features/dialog/dialog.d.ts": {"path":"/Users/mnells/Documents/__SourceCode/nelles.io/employees.nelles.io/client/src/features/dialog/dialog.d.ts","statementMap":{},"fnMap":{},"branchMap":{},"s":{},"f":{},"b":{}}
,"/Users/mnells/Documents/__SourceCode/nelles.io/employees.nelles.io/client/src/features/dialog/dialogSlice.ts": {"path":"/Users/mnells/Documents/__SourceCode/nelles.io/employees.nelles.io/client/src/features/dialog/dialogSlice.ts","statementMap":{"0":{"start":{"line":5,"column":34},"end":{"line":10,"column":1}},"1":{"start":{"line":12,"column":27},"end":{"line":36,"column":2}},"2":{"start":{"line":22,"column":13},"end":{"line":22,"column":27}},"3":{"start":{"line":24,"column":9},"end":{"line":31,"column":10}},"4":{"start":{"line":25,"column":12},"end":{"line":25,"column":30}},"5":{"start":{"line":26,"column":12},"end":{"line":26,"column":32}},"6":{"start":{"line":27,"column":12},"end":{"line":27,"column":36}},"7":{"start":{"line":28,"column":12},"end":{"line":28,"column":34}},"8":{"start":{"line":30,"column":12},"end":{"line":30,"column":31}},"9":{"start":{"line":33,"column":30},"end":{"line":33,"column":42}},"10":{"start":{"line":38,"column":42},"end":{"line":38,"column":61}},"11":{"start":{"line":40,"column":28},"end":{"line":40,"column":62}},"12":{"start":{"line":40,"column":50},"end":{"line":40,"column":62}}},"fnMap":{"0":{"name":"(anonymous_0)","decl":{"start":{"line":16,"column":17},"end":{"line":16,"column":18}},"loc":{"start":{"line":16,"column":56},"end":{"line":32,"column":7}},"line":16},"1":{"name":"(anonymous_1)","decl":{"start":{"line":33,"column":19},"end":{"line":33,"column":20}},"loc":{"start":{"line":33,"column":30},"end":{"line":33,"column":42}},"line":33},"2":{"name":"(anonymous_2)","decl":{"start":{"line":40,"column":28},"end":{"line":40,"column":29}},"loc":{"start":{"line":40,"column":50},"end":{"line":40,"column":62}},"line":40}},"branchMap":{"0":{"loc":{"start":{"line":18,"column":12},"end":{"line":18,"column":24}},"type":"default-arg","locations":[{"start":{"line":18,"column":19},"end":{"line":18,"column":24}}],"line":18},"1":{"loc":{"start":{"line":19,"column":12},"end":{"line":19,"column":22}},"type":"default-arg","locations":[{"start":{"line":19,"column":20},"end":{"line":19,"column":22}}],"line":19},"2":{"loc":{"start":{"line":20,"column":12},"end":{"line":20,"column":24}},"type":"default-arg","locations":[{"start":{"line":20,"column":22},"end":{"line":20,"column":24}}],"line":20},"3":{"loc":{"start":{"line":21,"column":12},"end":{"line":21,"column":23}},"type":"default-arg","locations":[{"start":{"line":21,"column":21},"end":{"line":21,"column":23}}],"line":21}},"s":{"0":1,"1":1,"2":0,"3":0,"4":0,"5":0,"6":0,"7":0,"8":0,"9":0,"10":1,"11":1,"12":0},"f":{"0":0,"1":0,"2":0},"b":{"0":[0],"1":[0],"2":[0],"3":[0]},"_coverageSchema":"1a1c01bbd47fc00a2c39e90264f33305004495a9","hash":"1e4d61bc74521aa7b2903c1d453bd8d68828e38f"}
,"/Users/mnells/Documents/__SourceCode/nelles.io/employees.nelles.io/client/src/features/employees/employees.d.ts": {"path":"/Users/mnells/Documents/__SourceCode/nelles.io/employees.nelles.io/client/src/features/employees/employees.d.ts","statementMap":{},"fnMap":{},"branchMap":{},"s":{},"f":{},"b":{}}
,"/Users/mnells/Documents/__SourceCode/nelles.io/employees.nelles.io/client/src/features/employees/employeesSlice.ts": {"path":"/Users/mnells/Documents/__SourceCode/nelles.io/employees.nelles.io/client/src/features/employees/employeesSlice.ts","statementMap":{"0":{"start":{"line":5,"column":31},"end":{"line":8,"column":1}},"1":{"start":{"line":10,"column":30},"end":{"line":25,"column":2}},"2":{"start":{"line":16,"column":9},"end":{"line":21,"column":10}},"3":{"start":{"line":17,"column":12},"end":{"line":17,"column":43}},"4":{"start":{"line":18,"column":12},"end":{"line":18,"column":45}},"5":{"start":{"line":20,"column":12},"end":{"line":20,"column":31}},"6":{"start":{"line":23,"column":33},"end":{"line":23,"column":45}},"7":{"start":{"line":27,"column":48},"end":{"line":27,"column":70}},"8":{"start":{"line":29,"column":31},"end":{"line":29,"column":68}},"9":{"start":{"line":29,"column":53},"end":{"line":29,"column":68}}},"fnMap":{"0":{"name":"(anonymous_0)","decl":{"start":{"line":15,"column":20},"end":{"line":15,"column":21}},"loc":{"start":{"line":15,"column":69},"end":{"line":22,"column":7}},"line":15},"1":{"name":"(anonymous_1)","decl":{"start":{"line":23,"column":22},"end":{"line":23,"column":23}},"loc":{"start":{"line":23,"column":33},"end":{"line":23,"column":45}},"line":23},"2":{"name":"(anonymous_2)","decl":{"start":{"line":29,"column":31},"end":{"line":29,"column":32}},"loc":{"start":{"line":29,"column":53},"end":{"line":29,"column":68}},"line":29}},"branchMap":{},"s":{"0":1,"1":1,"2":0,"3":0,"4":0,"5":0,"6":0,"7":1,"8":1,"9":0},"f":{"0":0,"1":0,"2":0},"b":{},"_coverageSchema":"1a1c01bbd47fc00a2c39e90264f33305004495a9","hash":"51472b52edd8d48a512e06141af0e9e989d97156"}
,"/Users/mnells/Documents/__SourceCode/nelles.io/employees.nelles.io/client/src/features/managers/managers.d.ts": {"path":"/Users/mnells/Documents/__SourceCode/nelles.io/employees.nelles.io/client/src/features/managers/managers.d.ts","statementMap":{},"fnMap":{},"branchMap":{},"s":{},"f":{},"b":{}}
,"/Users/mnells/Documents/__SourceCode/nelles.io/employees.nelles.io/client/src/features/managers/managersSlice.ts": {"path":"/Users/mnells/Documents/__SourceCode/nelles.io/employees.nelles.io/client/src/features/managers/managersSlice.ts","statementMap":{"0":{"start":{"line":5,"column":31},"end":{"line":8,"column":1}},"1":{"start":{"line":10,"column":29},"end":{"line":25,"column":2}},"2":{"start":{"line":16,"column":9},"end":{"line":21,"column":10}},"3":{"start":{"line":17,"column":12},"end":{"line":17,"column":43}},"4":{"start":{"line":18,"column":12},"end":{"line":18,"column":45}},"5":{"start":{"line":20,"column":12},"end":{"line":20,"column":31}},"6":{"start":{"line":23,"column":32},"end":{"line":23,"column":44}},"7":{"start":{"line":27,"column":46},"end":{"line":27,"column":67}},"8":{"start":{"line":29,"column":30},"end":{"line":29,"column":66}},"9":{"start":{"line":29,"column":52},"end":{"line":29,"column":66}}},"fnMap":{"0":{"name":"(anonymous_0)","decl":{"start":{"line":15,"column":19},"end":{"line":15,"column":20}},"loc":{"start":{"line":15,"column":58},"end":{"line":22,"column":7}},"line":15},"1":{"name":"(anonymous_1)","decl":{"start":{"line":23,"column":21},"end":{"line":23,"column":22}},"loc":{"start":{"line":23,"column":32},"end":{"line":23,"column":44}},"line":23},"2":{"name":"(anonymous_2)","decl":{"start":{"line":29,"column":30},"end":{"line":29,"column":31}},"loc":{"start":{"line":29,"column":52},"end":{"line":29,"column":66}},"line":29}},"branchMap":{},"s":{"0":1,"1":1,"2":0,"3":0,"4":0,"5":0,"6":0,"7":1,"8":1,"9":0},"f":{"0":0,"1":0,"2":0},"b":{},"_coverageSchema":"1a1c01bbd47fc00a2c39e90264f33305004495a9","hash":"52b11084d3eadc8233cfb322a4e0cb65fbc65379"}
,"/Users/mnells/Documents/__SourceCode/nelles.io/employees.nelles.io/client/src/features/salaries/salaries.d.ts": {"path":"/Users/mnells/Documents/__SourceCode/nelles.io/employees.nelles.io/client/src/features/salaries/salaries.d.ts","statementMap":{},"fnMap":{},"branchMap":{},"s":{},"f":{},"b":{}}
,"/Users/mnells/Documents/__SourceCode/nelles.io/employees.nelles.io/client/src/features/salaries/salariesSlice.ts": {"path":"/Users/mnells/Documents/__SourceCode/nelles.io/employees.nelles.io/client/src/features/salaries/salariesSlice.ts","statementMap":{"0":{"start":{"line":5,"column":36},"end":{"line":8,"column":1}},"1":{"start":{"line":10,"column":29},"end":{"line":25,"column":2}},"2":{"start":{"line":16,"column":9},"end":{"line":21,"column":10}},"3":{"start":{"line":17,"column":12},"end":{"line":17,"column":43}},"4":{"start":{"line":18,"column":12},"end":{"line":18,"column":45}},"5":{"start":{"line":20,"column":12},"end":{"line":20,"column":31}},"6":{"start":{"line":23,"column":32},"end":{"line":23,"column":44}},"7":{"start":{"line":27,"column":46},"end":{"line":27,"column":67}},"8":{"start":{"line":29,"column":30},"end":{"line":29,"column":66}},"9":{"start":{"line":29,"column":52},"end":{"line":29,"column":66}}},"fnMap":{"0":{"name":"(anonymous_0)","decl":{"start":{"line":15,"column":19},"end":{"line":15,"column":20}},"loc":{"start":{"line":15,"column":58},"end":{"line":22,"column":7}},"line":15},"1":{"name":"(anonymous_1)","decl":{"start":{"line":23,"column":21},"end":{"line":23,"column":22}},"loc":{"start":{"line":23,"column":32},"end":{"line":23,"column":44}},"line":23},"2":{"name":"(anonymous_2)","decl":{"start":{"line":29,"column":30},"end":{"line":29,"column":31}},"loc":{"start":{"line":29,"column":52},"end":{"line":29,"column":66}},"line":29}},"branchMap":{},"s":{"0":1,"1":1,"2":0,"3":0,"4":0,"5":0,"6":0,"7":1,"8":1,"9":0},"f":{"0":0,"1":0,"2":0},"b":{},"_coverageSchema":"1a1c01bbd47fc00a2c39e90264f33305004495a9","hash":"26e786ba6315f7ef743cbaa4909dc99564eae0e8"}
,"/Users/mnells/Documents/__SourceCode/nelles.io/employees.nelles.io/client/src/features/session/session.d.ts": {"path":"/Users/mnells/Documents/__SourceCode/nelles.io/employees.nelles.io/client/src/features/session/session.d.ts","statementMap":{},"fnMap":{},"branchMap":{},"s":{},"f":{},"b":{}}
,"/Users/mnells/Documents/__SourceCode/nelles.io/employees.nelles.io/client/src/features/session/sessionAPI.ts": {"path":"/Users/mnells/Documents/__SourceCode/nelles.io/employees.nelles.io/client/src/features/session/sessionAPI.ts","statementMap":{"0":{"start":{"line":3,"column":3},"end":{"line":5,"column":5}},"1":{"start":{"line":4,"column":6},"end":{"line":4,"column":54}},"2":{"start":{"line":4,"column":23},"end":{"line":4,"column":48}}},"fnMap":{"0":{"name":"fetchSession","decl":{"start":{"line":2,"column":16},"end":{"line":2,"column":28}},"loc":{"start":{"line":2,"column":41},"end":{"line":6,"column":1}},"line":2},"1":{"name":"(anonymous_1)","decl":{"start":{"line":3,"column":40},"end":{"line":3,"column":41}},"loc":{"start":{"line":4,"column":6},"end":{"line":4,"column":54}},"line":4},"2":{"name":"(anonymous_2)","decl":{"start":{"line":4,"column":17},"end":{"line":4,"column":18}},"loc":{"start":{"line":4,"column":23},"end":{"line":4,"column":48}},"line":4}},"branchMap":{"0":{"loc":{"start":{"line":2,"column":29},"end":{"line":2,"column":39}},"type":"default-arg","locations":[{"start":{"line":2,"column":38},"end":{"line":2,"column":39}}],"line":2}},"s":{"0":0,"1":0,"2":0},"f":{"0":0,"1":0,"2":0},"b":{"0":[0]},"_coverageSchema":"1a1c01bbd47fc00a2c39e90264f33305004495a9","hash":"43f0f0d20c3b48022835f077fec9936e4a36ac07"}
,"/Users/mnells/Documents/__SourceCode/nelles.io/employees.nelles.io/client/src/features/session/sessionSlice.ts": {"path":"/Users/mnells/Documents/__SourceCode/nelles.io/employees.nelles.io/client/src/features/session/sessionSlice.ts","statementMap":{"0":{"start":{"line":6,"column":35},"end":{"line":32,"column":1}},"1":{"start":{"line":34,"column":24},"end":{"line":40,"column":1}},"2":{"start":{"line":37,"column":23},"end":{"line":37,"column":49}},"3":{"start":{"line":38,"column":6},"end":{"line":38,"column":27}},"4":{"start":{"line":42,"column":28},"end":{"line":89,"column":2}},"5":{"start":{"line":48,"column":33},"end":{"line":48,"column":47}},"6":{"start":{"line":49,"column":9},"end":{"line":64,"column":10}},"7":{"start":{"line":50,"column":12},"end":{"line":50,"column":62}},"8":{"start":{"line":50,"column":30},"end":{"line":50,"column":62}},"9":{"start":{"line":51,"column":12},"end":{"line":51,"column":62}},"10":{"start":{"line":51,"column":30},"end":{"line":51,"column":62}},"11":{"start":{"line":52,"column":12},"end":{"line":52,"column":47}},"12":{"start":{"line":52,"column":25},"end":{"line":52,"column":47}},"13":{"start":{"line":53,"column":12},"end":{"line":53,"column":80}},"14":{"start":{"line":53,"column":36},"end":{"line":53,"column":80}},"15":{"start":{"line":55,"column":12},"end":{"line":55,"column":40}},"16":{"start":{"line":56,"column":12},"end":{"line":56,"column":48}},"17":{"start":{"line":57,"column":12},"end":{"line":57,"column":36}},"18":{"start":{"line":58,"column":12},"end":{"line":58,"column":70}},"19":{"start":{"line":59,"column":12},"end":{"line":59,"column":36}},"20":{"start":{"line":60,"column":12},"end":{"line":60,"column":34}},"21":{"start":{"line":61,"column":12},"end":{"line":61,"column":30}},"22":{"start":{"line":63,"column":12},"end":{"line":63,"column":31}},"23":{"start":{"line":67,"column":9},"end":{"line":67,"column":31}},"24":{"start":{"line":68,"column":9},"end":{"line":68,"column":31}},"25":{"start":{"line":69,"column":9},"end":{"line":69,"column":32}},"26":{"start":{"line":70,"column":9},"end":{"line":70,"column":43}},"27":{"start":{"line":77,"column":6},"end":{"line":87,"column":12}},"28":{"start":{"line":79,"column":12},"end":{"line":79,"column":37}},"29":{"start":{"line":82,"column":12},"end":{"line":82,"column":34}},"30":{"start":{"line":86,"column":12},"end":{"line":86,"column":36}},"31":{"start":{"line":91,"column":44},"end":{"line":91,"column":64}},"32":{"start":{"line":96,"column":29},"end":{"line":96,"column":70}},"33":{"start":{"line":96,"column":51},"end":{"line":96,"column":70}},"34":{"start":{"line":101,"column":3},"end":{"line":104,"column":4}},"35":{"start":{"line":102,"column":3},"end":{"line":104,"column":4}},"36":{"start":{"line":103,"column":6},"end":{"line":103,"column":33}}},"fnMap":{"0":{"name":"(anonymous_0)","decl":{"start":{"line":36,"column":3},"end":{"line":36,"column":4}},"loc":{"start":{"line":36,"column":29},"end":{"line":39,"column":4}},"line":36},"1":{"name":"(anonymous_1)","decl":{"start":{"line":47,"column":18},"end":{"line":47,"column":19}},"loc":{"start":{"line":47,"column":66},"end":{"line":65,"column":7}},"line":47},"2":{"name":"(anonymous_2)","decl":{"start":{"line":66,"column":20},"end":{"line":66,"column":21}},"loc":{"start":{"line":66,"column":31},"end":{"line":71,"column":7}},"line":66},"3":{"name":"(anonymous_3)","decl":{"start":{"line":76,"column":18},"end":{"line":76,"column":19}},"loc":{"start":{"line":76,"column":31},"end":{"line":88,"column":4}},"line":76},"4":{"name":"(anonymous_4)","decl":{"start":{"line":78,"column":36},"end":{"line":78,"column":37}},"loc":{"start":{"line":78,"column":47},"end":{"line":80,"column":10}},"line":78},"5":{"name":"(anonymous_5)","decl":{"start":{"line":81,"column":38},"end":{"line":81,"column":39}},"loc":{"start":{"line":81,"column":57},"end":{"line":84,"column":10}},"line":81},"6":{"name":"(anonymous_6)","decl":{"start":{"line":85,"column":37},"end":{"line":85,"column":38}},"loc":{"start":{"line":85,"column":48},"end":{"line":87,"column":10}},"line":85},"7":{"name":"(anonymous_7)","decl":{"start":{"line":96,"column":29},"end":{"line":96,"column":30}},"loc":{"start":{"line":96,"column":51},"end":{"line":96,"column":70}},"line":96},"8":{"name":"(anonymous_8)","decl":{"start":{"line":101,"column":3},"end":{"line":101,"column":4}},"loc":{"start":{"line":102,"column":3},"end":{"line":104,"column":4}},"line":102},"9":{"name":"(anonymous_9)","decl":{"start":{"line":102,"column":3},"end":{"line":102,"column":4}},"loc":{"start":{"line":102,"column":17},"end":{"line":104,"column":4}},"line":102}},"branchMap":{"0":{"loc":{"start":{"line":50,"column":12},"end":{"line":50,"column":62}},"type":"if","locations":[{"start":{"line":50,"column":12},"end":{"line":50,"column":62}},{"start":{},"end":{}}],"line":50},"1":{"loc":{"start":{"line":51,"column":12},"end":{"line":51,"column":62}},"type":"if","locations":[{"start":{"line":51,"column":12},"end":{"line":51,"column":62}},{"start":{},"end":{}}],"line":51},"2":{"loc":{"start":{"line":52,"column":12},"end":{"line":52,"column":47}},"type":"if","locations":[{"start":{"line":52,"column":12},"end":{"line":52,"column":47}},{"start":{},"end":{}}],"line":52},"3":{"loc":{"start":{"line":53,"column":12},"end":{"line":53,"column":80}},"type":"if","locations":[{"start":{"line":53,"column":12},"end":{"line":53,"column":80}},{"start":{},"end":{}}],"line":53}},"s":{"0":1,"1":1,"2":0,"3":0,"4":1,"5":0,"6":0,"7":0,"8":0,"9":0,"10":0,"11":0,"12":0,"13":0,"14":0,"15":0,"16":0,"17":0,"18":0,"19":0,"20":0,"21":0,"22":0,"23":0,"24":0,"25":0,"26":0,"27":0,"28":0,"29":0,"30":0,"31":1,"32":1,"33":0,"34":1,"35":0,"36":0},"f":{"0":0,"1":0,"2":0,"3":0,"4":0,"5":0,"6":0,"7":0,"8":0,"9":0},"b":{"0":[0,0],"1":[0,0],"2":[0,0],"3":[0,0]},"_coverageSchema":"1a1c01bbd47fc00a2c39e90264f33305004495a9","hash":"f1868c0a4ea4c77271a045e08a0b6fc05fdb6a2c"}
,"/Users/mnells/Documents/__SourceCode/nelles.io/employees.nelles.io/client/src/features/snackbar/snackbar.d.ts": {"path":"/Users/mnells/Documents/__SourceCode/nelles.io/employees.nelles.io/client/src/features/snackbar/snackbar.d.ts","statementMap":{},"fnMap":{},"branchMap":{},"s":{},"f":{},"b":{}}
,"/Users/mnells/Documents/__SourceCode/nelles.io/employees.nelles.io/client/src/features/snackbar/snackbarSlice.ts": {"path":"/Users/mnells/Documents/__SourceCode/nelles.io/employees.nelles.io/client/src/features/snackbar/snackbarSlice.ts","statementMap":{"0":{"start":{"line":5,"column":23},"end":{"line":8,"column":1}},"1":{"start":{"line":10,"column":42},"end":{"line":14,"column":1}},"2":{"start":{"line":16,"column":29},"end":{"line":41,"column":2}},"3":{"start":{"line":21,"column":65},"end":{"line":21,"column":79}},"4":{"start":{"line":23,"column":27},"end":{"line":23,"column":77}},"5":{"start":{"line":24,"column":21},"end":{"line":24,"column":33}},"6":{"start":{"line":25,"column":9},"end":{"line":28,"column":11}},"7":{"start":{"line":30,"column":9},"end":{"line":36,"column":10}},"8":{"start":{"line":31,"column":12},"end":{"line":31,"column":36}},"9":{"start":{"line":32,"column":12},"end":{"line":32,"column":40}},"10":{"start":{"line":33,"column":12},"end":{"line":33,"column":31}},"11":{"start":{"line":35,"column":12},"end":{"line":35,"column":31}},"12":{"start":{"line":38,"column":32},"end":{"line":38,"column":44}},"13":{"start":{"line":43,"column":46},"end":{"line":43,"column":67}},"14":{"start":{"line":45,"column":30},"end":{"line":45,"column":72}},"15":{"start":{"line":45,"column":52},"end":{"line":45,"column":72}},"16":{"start":{"line":50,"column":3},"end":{"line":53,"column":4}},"17":{"start":{"line":51,"column":3},"end":{"line":53,"column":4}},"18":{"start":{"line":52,"column":6},"end":{"line":52,"column":34}}},"fnMap":{"0":{"name":"(anonymous_0)","decl":{"start":{"line":20,"column":19},"end":{"line":20,"column":20}},"loc":{"start":{"line":20,"column":58},"end":{"line":37,"column":7}},"line":20},"1":{"name":"(anonymous_1)","decl":{"start":{"line":38,"column":21},"end":{"line":38,"column":22}},"loc":{"start":{"line":38,"column":32},"end":{"line":38,"column":44}},"line":38},"2":{"name":"(anonymous_2)","decl":{"start":{"line":45,"column":30},"end":{"line":45,"column":31}},"loc":{"start":{"line":45,"column":52},"end":{"line":45,"column":72}},"line":45},"3":{"name":"(anonymous_3)","decl":{"start":{"line":50,"column":3},"end":{"line":50,"column":4}},"loc":{"start":{"line":51,"column":3},"end":{"line":53,"column":4}},"line":51},"4":{"name":"(anonymous_4)","decl":{"start":{"line":51,"column":3},"end":{"line":51,"column":4}},"loc":{"start":{"line":51,"column":17},"end":{"line":53,"column":4}},"line":51}},"branchMap":{"0":{"loc":{"start":{"line":21,"column":17},"end":{"line":21,"column":25}},"type":"default-arg","locations":[{"start":{"line":21,"column":23},"end":{"line":21,"column":25}}],"line":21},"1":{"loc":{"start":{"line":21,"column":27},"end":{"line":21,"column":44}},"type":"default-arg","locations":[{"start":{"line":21,"column":38},"end":{"line":21,"column":44}}],"line":21},"2":{"loc":{"start":{"line":21,"column":46},"end":{"line":21,"column":60}},"type":"default-arg","locations":[{"start":{"line":21,"column":56},"end":{"line":21,"column":60}}],"line":21},"3":{"loc":{"start":{"line":23,"column":27},"end":{"line":23,"column":77}},"type":"cond-expr","locations":[{"start":{"line":23,"column":54},"end":{"line":23,"column":73}},{"start":{"line":23,"column":76},"end":{"line":23,"column":77}}],"line":23}},"s":{"0":1,"1":1,"2":1,"3":0,"4":0,"5":0,"6":0,"7":0,"8":0,"9":0,"10":0,"11":0,"12":0,"13":1,"14":1,"15":0,"16":1,"17":0,"18":0},"f":{"0":0,"1":0,"2":0,"3":0,"4":0},"b":{"0":[0],"1":[0],"2":[0],"3":[0,0]},"_coverageSchema":"1a1c01bbd47fc00a2c39e90264f33305004495a9","hash":"f0866c4b7ef41ddcc84eefc4e82829c84b155779"}
[...]
"end":{"line":110,"column":25}},"loc":{"start":{"line":110,"column":42},"end":{"line":123,"column":4}},"line":110},"9":{"name":"(anonymous_9)","decl":{"start":{"line":115,"column":37},"end":{"line":115,"column":38}},"loc":{"start":{"line":115,"column":44},"end":{"line":115,"column":59}},"line":115},"10":{"name":"(anonymous_10)","decl":{"start":{"line":131,"column":34},"end":{"line":131,"column":35}},"loc":{"start":{"line":132,"column":24},"end":{"line":137,"column":36}},"line":132},"11":{"name":"(anonymous_11)","decl":{"start":{"line":153,"column":29},"end":{"line":153,"column":30}},"loc":{"start":{"line":153,"column":38},"end":{"line":196,"column":25}},"line":153},"12":{"name":"(anonymous_12)","decl":{"start":{"line":161,"column":46},"end":{"line":161,"column":47}},"loc":{"start":{"line":161,"column":58},"end":{"line":175,"column":34}},"line":161},"13":{"name":"(anonymous_13)","decl":{"start":{"line":180,"column":51},"end":{"line":180,"column":52}},"loc":{"start":{"line":180,"column":57},"end":{"line":180,"column":72}},"line":180},"14":{"name":"(anonymous_14)","decl":{"start":{"line":188,"column":51},"end":{"line":188,"column":52}},"loc":{"start":{"line":188,"column":57},"end":{"line":188,"column":74}},"line":188}},"branchMap":{"0":{"loc":{"start":{"line":65,"column":30},"end":{"line":65,"column":67}},"type":"cond-expr","locations":[{"start":{"line":65,"column":53},"end":{"line":65,"column":62}},{"start":{"line":65,"column":65},"end":{"line":65,"column":67}}],"line":65},"1":{"loc":{"start":{"line":65,"column":30},"end":{"line":65,"column":50}},"type":"binary-expr","locations":[{"start":{"line":65,"column":30},"end":{"line":65,"column":37}},{"start":{"line":65,"column":41},"end":{"line":65,"column":50}}],"line":65},"2":{"loc":{"start":{"line":111,"column":6},"end":{"line":122,"column":7}},"type":"if","locations":[{"start":{"line":111,"column":6},"end":{"line":122,"column":7}},{"start":{"line":119,"column":13},"end":{"line":122,"column":7}}],"line":111},"3":{"loc":{"start":{"line":143,"column":19},"end":{"line":197,"column":19}},"type":"cond-expr","locations":[{"start":{"line":144,"column":21},"end":{"line":146,"column":33}},{"start":{"line":148,"column":21},"end":{"line":196,"column":26}}],"line":143},"4":{"loc":{"start":{"line":164,"column":43},"end":{"line":172,"column":43}},"type":"cond-expr","locations":[{"start":{"line":165,"column":45},"end":{"line":167,"column":58}},{"start":{"line":169,"column":45},"end":{"line":171,"column":58}}],"line":164}},"s":{"0":1,"1":0,"2":0,"3":0,"4":0,"5":0,"6":0,"7":0,"8":0,"9":0,"10":0,"11":0,"12":0,"13":0,"14":0,"15":0,"16":0,"17":0,"18":0,"19":0,"20":0,"21":0,"22":0,"23":0,"24":0,"25":0,"26":0,"27":0,"28":0,"29":0,"30":0,"31":0,"32":0,"33":0,"34":0,"35":0,"36":0},"f":{"0":0,"1":0,"2":0,"3":0,"4":0,"5":0,"6":0,"7":0,"8":0,"9":0,"10":0,"11":0,"12":0,"13":0,"14":0},"b":{"0":[0,0],"1":[0,0],"2":[0,0],"3":[0,0],"4":[0,0]},"_coverageSchema":"1a1c01bbd47fc00a2c39e90264f33305004495a9","hash":"d5b05d10d73765bede14425fa2b0636932b7113c"}
,"/Users/mnells/Documents/__SourceCode/nelles.io/employees.nelles.io/client/src/pages/Users/index.tsx": {"path":"/Users/mnells/Documents/__SourceCode/nelles.io/employees.nelles.io/client/src/pages/Users/index.tsx","statementMap":{"0":{"start":{"line":6,"column":3},"end":{"line":11,"column":5}}},"fnMap":{"0":{"name":"(anonymous_0)","decl":{"start":{"line":5,"column":26},"end":{"line":5,"column":27}},"loc":{"start":{"line":5,"column":45},"end":{"line":12,"column":1}},"line":5}},"branchMap":{},"s":{"0":0},"f":{"0":0},"b":{},"_coverageSchema":"1a1c01bbd47fc00a2c39e90264f33305004495a9","hash":"0fc06aefb1c69e3cb56ef1b36cfe8dc1f5a4a3c5"}
,"/Users/mnells/Documents/__SourceCode/nelles.io/employees.nelles.io/client/src/utilities/ApiRequest.ts": {"path":"/Users/mnells/Documents/__SourceCode/nelles.io/employees.nelles.io/client/src/utilities/ApiRequest.ts","statementMap":{"0":{"start":{"line":5,"column":3},"end":{"line":7,"column":18}},"1":{"start":{"line":9,"column":22},"end":{"line":12,"column":2}},"2":{"start":{"line":14,"column":24},"end":{"line":14,"column":46}},"3":{"start":{"line":14,"column":38},"end":{"line":14,"column":46}},"4":{"start":{"line":15,"column":23},"end":{"line":17,"column":1}},"5":{"start":{"line":16,"column":3},"end":{"line":16,"column":21}},"6":{"start":{"line":18,"column":21},"end":{"line":24,"column":1}},"7":{"start":{"line":19,"column":3},"end":{"line":21,"column":4}},"8":{"start":{"line":20,"column":6},"end":{"line":20,"column":42}},"9":{"start":{"line":23,"column":3},"end":{"line":23,"column":30}},"10":{"start":{"line":26,"column":15},"end":{"line":27,"column":76}},"11":{"start":{"line":27,"column":3},"end":{"line":27,"column":76}},"12":{"start":{"line":29,"column":23},"end":{"line":32,"column":2}},"13":{"start":{"line":29,"column":61},"end":{"line":32,"column":1}},"14":{"start":{"line":34,"column":30},"end":{"line":47,"column":1}},"15":{"start":{"line":40,"column":3},"end":{"line":46,"column":5}},"16":{"start":{"line":49,"column":26},"end":{"line":61,"column":1}},"17":{"start":{"line":55,"column":3},"end":{"line":55,"column":21}},"18":{"start":{"line":56,"column":16},"end":{"line":56,"column":27}},"19":{"start":{"line":58,"column":3},"end":{"line":60,"column":5}},"20":{"start":{"line":63,"column":22},"end":{"line":74,"column":1}},"21":{"start":{"line":64,"column":3},"end":{"line":73,"column":6}},"22":{"start":{"line":76,"column":23},"end":{"line":104,"column":1}},"23":{"start":{"line":77,"column":3},"end":{"line":103,"column":4}},"24":{"start":{"line":78,"column":23},"end":{"line":87,"column":8}},"25":{"start":{"line":89,"column":6},"end":{"line":89,"column":27}},"26":{"start":{"line":91,"column":18},"end":{"line":91,"column":67}},"27":{"start":{"line":92,"column":6},"end":{"line":102,"column":7}},"28":{"start":{"line":97,"column":9},"end":{"line":97,"column":42}},"29":{"start":{"line":98,"column":9},"end":{"line":98,"column":20}},"30":{"start":{"line":100,"column":9},"end":{"line":100,"column":42}},"31":{"start":{"line":101,"column":9},"end":{"line":101,"column":20}}},"fnMap":{"0":{"name":"(anonymous_0)","decl":{"start":{"line":14,"column":24},"end":{"line":14,"column":25}},"loc":{"start":{"line":14,"column":38},"end":{"line":14,"column":46}},"line":14},"1":{"name":"(anonymous_1)","decl":{"start":{"line":15,"column":23},"end":{"line":15,"column":24}},"loc":{"start":{"line":15,"column":29},"end":{"line":17,"column":1}},"line":15},"2":{"name":"(anonymous_2)","decl":{"start":{"line":18,"column":21},"end":{"line":18,"column":22}},"loc":{"start":{"line":18,"column":35},"end":{"line":24,"column":1}},"line":18},"3":{"name":"(anonymous_3)","decl":{"start":{"line":26,"column":15},"end":{"line":26,"column":16}},"loc":{"start":{"line":27,"column":3},"end":{"line":27,"column":76}},"line":27},"4":{"name":"(anonymous_4)","decl":{"start":{"line":29,"column":23},"end":{"line":29,"column":24}},"loc":{"start":{"line":29,"column":61},"end":{"line":32,"column":1}},"line":29},"5":{"name":"(anonymous_5)","decl":{"start":{"line":34,"column":30},"end":{"line":34,"column":31}},"loc":{"start":{"line":39,"column":5},"end":{"line":47,"column":1}},"line":39},"6":{"name":"(anonymous_6)","decl":{"start":{"line":49,"column":26},"end":{"line":49,"column":27}},"loc":{"start":{"line":54,"column":5},"end":{"line":61,"column":1}},"line":54},"7":{"name":"(anonymous_7)","decl":{"start":{"line":63,"column":22},"end":{"line":63,"column":23}},"loc":{"start":{"line":63,"column":65},"end":{"line":74,"column":1}},"line":63},"8":{"name":"(anonymous_8)","decl":{"start":{"line":76,"column":23},"end":{"line":76,"column":24}},"loc":{"start":{"line":76,"column":66},"end":{"line":104,"column":1}},"line":76}},"branchMap":{"0":{"loc":{"start":{"line":5,"column":3},"end":{"line":7,"column":18}},"type":"cond-expr","locations":[{"start":{"line":6,"column":8},"end":{"line":6,"column":17}},{"start":{"line":7,"column":8},"end":{"line":7,"column":18}}],"line":5},"1":{"loc":{"start":{"line":5,"column":3},"end":{"line":5,"column":68}},"type":"binary-expr","locations":[{"start":{"line":5,"column":3},"end":{"line":5,"column":11}},{"start":{"line":5,"column":15},"end":{"line":5,"column":68}}],"line":5},"2":{"loc":{"start":{"line":19,"column":3},"end":{"line":21,"column":4}},"type":"if","locations":[{"start":{"line":19,"column":3},"end":{"line":21,"column":4}},{"start":{},"end":{}}],"line":19},"3":{"loc":{"start":{"line":29,"column":24},"end":{"line":29,"column":36}},"type":"default-arg","locations":[{"start":{"line":29,"column":34},"end":{"line":29,"column":36}}],"line":29},"4":{"loc":{"start":{"line":29,"column":38},"end":{"line":29,"column":55}},"type":"default-arg","locations":[{"start":{"line":29,"column":53},"end":{"line":29,"column":55}}],"line":29},"5":{"loc":{"start":{"line":43,"column":9},"end":{"line":43,"column":21}},"type":"binary-expr","locations":[{"start":{"line":43,"column":9},"end":{"line":43,"column":13}},{"start":{"line":43,"column":17},"end":{"line":43,"column":21}}],"line":43},"6":{"loc":{"start":{"line":63,"column":43},"end":{"line":63,"column":60}},"type":"default-arg","locations":[{"start":{"line":63,"column":58},"end":{"line":63,"column":60}}],"line":63},"7":{"loc":{"start":{"line":76,"column":44},"end":{"line":76,"column":61}},"type":"default-arg","locations":[{"start":{"line":76,"column":59},"end":{"line":76,"column":61}}],"line":76},"8":{"loc":{"start":{"line":92,"column":6},"end":{"line":102,"column":7}},"type":"if","locations":[{"start":{"line":92,"column":6},"end":{"line":102,"column":7}},{"start":{"line":99,"column":13},"end":{"line":102,"column":7}}],"line":92},"9":{"loc":{"start":{"line":93,"column":9},"end":{"line":95,"column":37}},"type":"binary-expr","locations":[{"start":{"line":93,"column":9},"end":{"line":93,"column":22}},{"start":{"line":94,"column":9},"end":{"line":94,"column":42}},{"start":{"line":95,"column":9},"end":{"line":95,"column":37}}],"line":93}},"s":{"0":1,"1":1,"2":1,"3":0,"4":1,"5":0,"6":1,"7":0,"8":0,"9":0,"10":1,"11":0,"12":1,"13":0,"14":1,"15":0,"16":1,"17":0,"18":0,"19":0,"20":1,"21":0,"22":1,"23":0,"24":0,"25":0,"26":0,"27":0,"28":0,"29":0,"30":0,"31":0},"f":{"0":0,"1":0,"2":0,"3":0,"4":0,"5":0,"6":0,"7":0,"8":0},"b":{"0":[1,0],"1":[1,1],"2":[0,0],"3":[0],"4":[0],"5":[0,0],"6":[0],"7":[0],"8":[0,0],"9":[0,0,0]},"_coverageSchema":"1a1c01bbd47fc00a2c39e90264f33305004495a9","hash":"612db4630b9b7469d3badc58061fea5988e78e21"}
,"/Users/mnells/Documents/__SourceCode/nelles.io/employees.nelles.io/client/src/utilities/ProtectedRoute.tsx": {"path":"/Users/mnells/Documents/__SourceCode/nelles.io/employees.nelles.io/client/src/utilities/ProtectedRoute.tsx","statementMap":{"0":{"start":{"line":11,"column":23},"end":{"line":43,"column":1}},"1":{"start":{"line":12,"column":20},"end":{"line":12,"column":33}},"2":{"start":{"line":14,"column":35},"end":{"line":14,"column":76}},"3":{"start":{"line":14,"column":61},"end":{"line":14,"column":75}},"4":{"start":{"line":15,"column":24},"end":{"line":15,"column":64}},"5":{"start":{"line":15,"column":50},"end":{"line":15,"column":63}},"6":{"start":{"line":16,"column":31},"end":{"line":16,"column":70}},"7":{"start":{"line":16,"column":57},"end":{"line":16,"column":69}},"8":{"start":{"line":18,"column":3},"end":{"line":20,"column":35}},"9":{"start":{"line":19,"column":6},"end":{"line":19,"column":24}},"10":{"start":{"line":22,"column":3},"end":{"line":33,"column":4}},"11":{"start":{"line":23,"column":6},"end":{"line":23,"column":43}},"12":{"start":{"line":23,"column":23},"end":{"line":23,"column":36}},"13":{"start":{"line":24,"column":6},"end":{"line":32,"column":8}},"14":{"start":{"line":36,"column":3},"end":{"line":42,"column":5}}},"fnMap":{"0":{"name":"(anonymous_0)","decl":{"start":{"line":11,"column":23},"end":{"line":11,"column":24}},"loc":{"start":{"line":11,"column":29},"end":{"line":43,"column":1}},"line":11},"1":{"name":"(anonymous_1)","decl":{"start":{"line":14,"column":50},"end":{"line":14,"column":51}},"loc":{"start":{"line":14,"column":61},"end":{"line":14,"column":75}},"line":14},"2":{"name":"(anonymous_2)","decl":{"start":{"line":15,"column":39},"end":{"line":15,"column":40}},"loc":{"start":{"line":15,"column":50},"end":{"line":15,"column":63}},"line":15},"3":{"name":"(anonymous_3)","decl":{"start":{"line":16,"column":46},"end":{"line":16,"column":47}},"loc":{"start":{"line":16,"column":57},"end":{"line":16,"column":69}},"line":16},"4":{"name":"(anonymous_4)","decl":{"start":{"line":18,"column":13},"end":{"line":18,"column":14}},"loc":{"start":{"line":18,"column":19},"end":{"line":20,"column":4}},"line":18},"5":{"name":"(anonymous_5)","decl":{"start":{"line":23,"column":17},"end":{"line":23,"column":18}},"loc":{"start":{"line":23,"column":23},"end":{"line":23,"column":36}},"line":23}},"branchMap":{"0":{"loc":{"start":{"line":22,"column":3},"end":{"line":33,"column":4}},"type":"if","locations":[{"start":{"line":22,"column":3},"end":{"line":33,"column":4}},{"start":{},"end":{}}],"line":22},"1":{"loc":{"start":{"line":40,"column":10},"end":{"line":40,"column":52}},"type":"cond-expr","locations":[{"start":{"line":40,"column":34},"end":{"line":40,"column":44}},{"start":{"line":40,"column":47},"end":{"line":40,"column":52}}],"line":40},"2":{"loc":{"start":{"line":40,"column":10},"end":{"line":40,"column":31}},"type":"binary-expr","locations":[{"start":{"line":40,"column":10},"end":{"line":40,"column":16}},{"start":{"line":40,"column":20},"end":{"line":40,"column":31}}],"line":40}},"s":{"0":1,"1":0,"2":0,"3":0,"4":0,"5":0,"6":0,"7":0,"8":0,"9":0,"10":0,"11":0,"12":0,"13":0,"14":0},"f":{"0":0,"1":0,"2":0,"3":0,"4":0,"5":0},"b":{"0":[0,0],"1":[0,0],"2":[0,0]},"_coverageSchema":"1a1c01bbd47fc00a2c39e90264f33305004495a9","hash":"f0d08da9d3436e02aca204b5409e768d4c3ff3ae"}
,"/Users/mnells/Documents/__SourceCode/nelles.io/employees.nelles.io/client/src/utilities/gen.ts": {"path":"/Users/mnells/Documents/__SourceCode/nelles.io/employees.nelles.io/client/src/utilities/gen.ts","statementMap":{"0":{"start":{"line":3,"column":23},"end":{"line":10,"column":1}},"1":{"start":{"line":4,"column":3},"end":{"line":4,"column":29}},"2":{"start":{"line":5,"column":3},"end":{"line":5,"column":31}},"3":{"start":{"line":6,"column":3},"end":{"line":6,"column":31}},"4":{"start":{"line":7,"column":3},"end":{"line":7,"column":31}},"5":{"start":{"line":9,"column":3},"end":{"line":9,"column":12}},"6":{"start":{"line":12,"column":20},"end":{"line":22,"column":1}},"7":{"start":{"line":13,"column":18},"end":{"line":13,"column":20}},"8":{"start":{"line":14,"column":11},"end":{"line":14,"column":13}},"9":{"start":{"line":15,"column":3},"end":{"line":20,"column":4}},"10":{"start":{"line":15,"column":16},"end":{"line":15,"column":17}},"11":{"start":{"line":16,"column":6},"end":{"line":19,"column":11}},"12":{"start":{"line":21,"column":3},"end":{"line":21,"column":12}},"13":{"start":{"line":24,"column":19},"end":{"line":29,"column":1}},"14":{"start":{"line":25,"column":3},"end":{"line":28,"column":5}},"15":{"start":{"line":30,"column":19},"end":{"line":42,"column":1}},"16":{"start":{"line":36,"column":3},"end":{"line":41,"column":5}},"17":{"start":{"line":44,"column":23},"end":{"line":57,"column":1}},"18":{"start":{"line":51,"column":3},"end":{"line":56,"column":4}},"19":{"start":{"line":52,"column":18},"end":{"line":52,"column":51}},"20":{"start":{"line":53,"column":6},"end":{"line":55,"column":7}},"21":{"start":{"line":54,"column":9},"end":{"line":54,"column":62}},"22":{"start":{"line":59,"column":25},"end":{"line":86,"column":1}},"23":{"start":{"line":60,"column":3},"end":{"line":85,"column":5}}},"fnMap":{"0":{"name":"(anonymous_0)","decl":{"start":{"line":3,"column":23},"end":{"line":3,"column":24}},"loc":{"start":{"line":3,"column":54},"end":{"line":10,"column":1}},"line":3},"1":{"name":"(anonymous_1)","decl":{"start":{"line":12,"column":20},"end":{"line":12,"column":21}},"loc":{"start":{"line":12,"column":34},"end":{"line":22,"column":1}},"line":12},"2":{"name":"(anonymous_2)","decl":{"start":{"line":24,"column":19},"end":{"line":24,"column":20}},"loc":{"start":{"line":24,"column":54},"end":{"line":29,"column":1}},"line":24},"3":{"name":"(anonymous_3)","decl":{"start":{"line":30,"column":19},"end":{"line":30,"column":20}},"loc":{"start":{"line":35,"column":5},"end":{"line":42,"column":1}},"line":35},"4":{"name":"(anonymous_4)","decl":{"start":{"line":44,"column":23},"end":{"line":44,"column":24}},"loc":{"start":{"line":50,"column":5},"end":{"line":57,"column":1}},"line":50},"5":{"name":"(anonymous_5)","decl":{"start":{"line":59,"column":25},"end":{"line":59,"column":26}},"loc":{"start":{"line":59,"column":64},"end":{"line":86,"column":1}},"line":59}},"branchMap":{"0":{"loc":{"start":{"line":51,"column":3},"end":{"line":56,"column":4}},"type":"if","locations":[{"start":{"line":51,"column":3},"end":{"line":56,"column":4}},{"start":{},"end":{}}],"line":51},"1":{"loc":{"start":{"line":53,"column":6},"end":{"line":55,"column":7}},"type":"if","locations":[{"start":{"line":53,"column":6},"end":{"line":55,"column":7}},{"start":{},"end":{}}],"line":53},"2":{"loc":{"start":{"line":53,"column":10},"end":{"line":53,"column":36}},"type":"binary-expr","locations":[{"start":{"line":53,"column":10},"end":{"line":53,"column":23}},{"start":{"line":53,"column":27},"end":{"line":53,"column":36}}],"line":53}},"s":{"0":1,"1":0,"2":0,"3":0,"4":0,"5":0,"6":1,"7":0,"8":0,"9":0,"10":0,"11":0,"12":0,"13":1,"14":0,"15":1,"16":0,"17":1,"18":0,"19":0,"20":0,"21":0,"22":1,"23":0},"f":{"0":0,"1":0,"2":0,"3":0,"4":0,"5":0},"b":{"0":[0,0],"1":[0,0],"2":[0,0]},"_coverageSchema":"1a1c01bbd47fc00a2c39e90264f33305004495a9","hash":"68f65b70db1cda397b48c6d022774deb9ab4a7c8"}
,"/Users/mnells/Documents/__SourceCode/nelles.io/employees.nelles.io/client/src/utilities/validate.ts": {"path":"/Users/mnells/Documents/__SourceCode/nelles.io/employees.nelles.io/client/src/utilities/validate.ts","statementMap":{"0":{"start":{"line":1,"column":28},"end":{"line":7,"column":1}},"1":{"start":{"line":2,"column":3},"end":{"line":6,"column":8}},"2":{"start":{"line":9,"column":31},"end":{"line":15,"column":1}},"3":{"start":{"line":10,"column":3},"end":{"line":14,"column":4}},"4":{"start":{"line":11,"column":6},"end":{"line":11,"column":59}},"5":{"start":{"line":13,"column":6},"end":{"line":13,"column":19}},"6":{"start":{"line":17,"column":30},"end":{"line":19,"column":1}},"7":{"start":{"line":18,"column":3},"end":{"line":18,"column":75}}},"fnMap":{"0":{"name":"(anonymous_0)","decl":{"start":{"line":1,"column":28},"end":{"line":1,"column":29}},"loc":{"start":{"line":1,"column":44},"end":{"line":7,"column":1}},"line":1},"1":{"name":"(anonymous_1)","decl":{"start":{"line":9,"column":31},"end":{"line":9,"column":32}},"loc":{"start":{"line":9,"column":50},"end":{"line":15,"column":1}},"line":9},"2":{"name":"(anonymous_2)","decl":{"start":{"line":17,"column":30},"end":{"line":17,"column":31}},"loc":{"start":{"line":17,"column":48},"end":{"line":19,"column":1}},"line":17}},"branchMap":{"0":{"loc":{"start":{"line":11,"column":13},"end":{"line":11,"column":58}},"type":"cond-expr","locations":[{"start":{"line":11,"column":46},"end":{"line":11,"column":50}},{"start":{"line":11,"column":53},"end":{"line":11,"column":58}}],"line":11},"1":{"loc":{"start":{"line":18,"column":10},"end":{"line":18,"column":74}},"type":"cond-expr","locations":[{"start":{"line":18,"column":62},"end":{"line":18,"column":66}},{"start":{"line":18,"column":69},"end":{"line":18,"column":74}}],"line":18},"2":{"loc":{"start":{"line":18,"column":10},"end":{"line":18,"column":59}},"type":"binary-expr","locations":[{"start":{"line":18,"column":10},"end":{"line":18,"column":19}},{"start":{"line":18,"column":23},"end":{"line":18,"column":37}},{"start":{"line":18,"column":41},"end":{"line":18,"column":59}}],"line":18}},"s":{"0":1,"1":0,"2":1,"3":0,"4":0,"5":0,"6":1,"7":0},"f":{"0":0,"1":0,"2":0},"b":{"0":[0,0],"1":[0,0],"2":[0,0,0]},"_coverageSchema":"1a1c01bbd47fc00a2c39e90264f33305004495a9","hash":"9afcd9fc11d92a9c2c4141feb158f1a167349374"}
}
